2023-12-17 12:12:886 INFO  LoginPage :41 - Getting text from : [[ChromeDriver: chrome on windows (5aca4d56eeb254f5629bad75c665e7ee)] -> xpath: //h1[contains(text(),'Welcome, Please Sign In!')]]
2023-12-17 12:12:420 INFO  LoginPage :47 - Enter email :ankptl55@gmail.com in email field [[ChromeDriver: chrome on windows (07c9ac8f87cd8e5bab1efef7e7bdf46a)] -> id: Email]
2023-12-17 12:12:494 INFO  LoginPage :52 - Enter password :abc123 in password field [[ChromeDriver: chrome on windows (07c9ac8f87cd8e5bab1efef7e7bdf46a)] -> name: Password]
2023-12-17 12:12:819 INFO  LoginPage :57 - Clicking on Login button : [[ChromeDriver: chrome on windows (07c9ac8f87cd8e5bab1efef7e7bdf46a)] -> xpath: //button[contains(text(),'Log in')]]
2023-12-17 12:12:899 INFO  LoginPage :62 - Getting text from : [[ChromeDriver: chrome on windows (07c9ac8f87cd8e5bab1efef7e7bdf46a)] -> xpath: //h1[contains(text(),'Welcome, Please Sign In!')]]
2023-12-17 12:12:645 INFO  LoginPage :47 - Enter email :ankptl55@gmail.com in email field [[ChromeDriver: chrome on windows (04bc3f135134b3dd7e81578af1861987)] -> id: Email]
2023-12-17 12:12:702 INFO  LoginPage :52 - Enter password :ankptl55 in password field [[ChromeDriver: chrome on windows (04bc3f135134b3dd7e81578af1861987)] -> name: Password]
2023-12-17 12:12:961 INFO  LoginPage :57 - Clicking on Login button : [[ChromeDriver: chrome on windows (04bc3f135134b3dd7e81578af1861987)] -> xpath: //button[contains(text(),'Log in')]]
2023-12-17 12:12:387 INFO  LoginPage :41 - Getting text from : [[ChromeDriver: chrome on windows (e8fc3b1f1ed3ecc2b8a8b00b4ee83f6d)] -> xpath: //h1[contains(text(),'Welcome, Please Sign In!')]]
2023-12-17 12:12:545 INFO  LoginPage :47 - Enter email :ankptl55@gmail.com in email field [[ChromeDriver: chrome on windows (4d850ed6b5d0def72205e27b0b029db6)] -> id: Email]
2023-12-17 12:12:616 INFO  LoginPage :52 - Enter password :abc123 in password field [[ChromeDriver: chrome on windows (4d850ed6b5d0def72205e27b0b029db6)] -> name: Password]
2023-12-17 12:12:941 INFO  LoginPage :57 - Clicking on Login button : [[ChromeDriver: chrome on windows (4d850ed6b5d0def72205e27b0b029db6)] -> xpath: //button[contains(text(),'Log in')]]
2023-12-17 12:12:26 INFO  LoginPage :62 - Getting text from : [[ChromeDriver: chrome on windows (4d850ed6b5d0def72205e27b0b029db6)] -> xpath: //h1[contains(text(),'Welcome, Please Sign In!')]]
2023-12-17 12:12:684 INFO  LoginPage :47 - Enter email :ankptl55@gmail.com in email field [[ChromeDriver: chrome on windows (967010c59db91c10484ae1106ae8b38e)] -> id: Email]
2023-12-17 12:12:768 INFO  LoginPage :52 - Enter password :ankptl55 in password field [[ChromeDriver: chrome on windows (967010c59db91c10484ae1106ae8b38e)] -> name: Password]
2023-12-17 12:12:70 INFO  LoginPage :57 - Clicking on Login button : [[ChromeDriver: chrome on windows (967010c59db91c10484ae1106ae8b38e)] -> xpath: //button[contains(text(),'Log in')]]
2023-12-17 12:12:274 INFO  LoginPage :47 - Enter email :ankptl55@gmail.com in email field [[ChromeDriver: chrome on windows (0f7d4d7d68617586f6b1be5e465ce5fc)] -> id: Email]
2023-12-17 12:12:349 INFO  LoginPage :52 - Enter password :ankptl55 in password field [[ChromeDriver: chrome on windows (0f7d4d7d68617586f6b1be5e465ce5fc)] -> name: Password]
2023-12-17 12:12:663 INFO  LoginPage :57 - Clicking on Login button : [[ChromeDriver: chrome on windows (0f7d4d7d68617586f6b1be5e465ce5fc)] -> xpath: //button[contains(text(),'Log in')]]
2023-12-17 13:12:613 INFO  LoginPage :41 - Getting text from : [[ChromeDriver: chrome on windows (713d23463ed0facb0a9a99d49264aa6c)] -> xpath: //h1[contains(text(),'Welcome, Please Sign In!')]]
2023-12-17 13:12:116 INFO  LoginPage :47 - Enter email :ankptl55@gmail.com in email field [[ChromeDriver: chrome on windows (f95e0e022d00f495c5bd2a279cb7c1eb)] -> id: Email]
2023-12-17 13:12:190 INFO  LoginPage :52 - Enter password :abc123 in password field [[ChromeDriver: chrome on windows (f95e0e022d00f495c5bd2a279cb7c1eb)] -> name: Password]
2023-12-17 13:12:519 INFO  LoginPage :57 - Clicking on Login button : [[ChromeDriver: chrome on windows (f95e0e022d00f495c5bd2a279cb7c1eb)] -> xpath: //button[contains(text(),'Log in')]]
2023-12-17 13:12:595 INFO  LoginPage :62 - Getting text from : [[ChromeDriver: chrome on windows (f95e0e022d00f495c5bd2a279cb7c1eb)] -> xpath: //h1[contains(text(),'Welcome, Please Sign In!')]]
2023-12-17 13:12:528 INFO  LoginPage :47 - Enter email :ankptl55@gmail.com in email field [[ChromeDriver: chrome on windows (ab25a56e3425f734af2a42f357e978be)] -> id: Email]
2023-12-17 13:12:597 INFO  LoginPage :52 - Enter password :ankptl55 in password field [[ChromeDriver: chrome on windows (ab25a56e3425f734af2a42f357e978be)] -> name: Password]
2023-12-17 13:12:920 INFO  LoginPage :57 - Clicking on Login button : [[ChromeDriver: chrome on windows (ab25a56e3425f734af2a42f357e978be)] -> xpath: //button[contains(text(),'Log in')]]
2023-12-17 13:12:77 INFO  LoginPage :47 - Enter email :ankptl55@gmail.com in email field [[ChromeDriver: chrome on windows (48607fa9bad02521c86f5e669124bc3f)] -> id: Email]
2023-12-17 13:12:143 INFO  LoginPage :52 - Enter password :ankptl55 in password field [[ChromeDriver: chrome on windows (48607fa9bad02521c86f5e669124bc3f)] -> name: Password]
2023-12-17 13:12:403 INFO  LoginPage :57 - Clicking on Login button : [[ChromeDriver: chrome on windows (48607fa9bad02521c86f5e669124bc3f)] -> xpath: //button[contains(text(),'Log in')]]
2023-12-17 13:12:431 INFO  LoginPage :41 - Getting text from : [[ChromeDriver: chrome on windows (2d888f8b7221fc9f3fe7463292030121)] -> xpath: //h1[contains(text(),'Welcome, Please Sign In!')]]
2023-12-17 13:12:915 INFO  LoginPage :47 - Enter email :ankptl55@gmail.com in email field [[ChromeDriver: chrome on windows (751a15123cef3acf652084ae40cfea64)] -> id: Email]
2023-12-17 13:12:991 INFO  LoginPage :52 - Enter password :abc123 in password field [[ChromeDriver: chrome on windows (751a15123cef3acf652084ae40cfea64)] -> name: Password]
2023-12-17 13:12:349 INFO  LoginPage :57 - Clicking on Login button : [[ChromeDriver: chrome on windows (751a15123cef3acf652084ae40cfea64)] -> xpath: //button[contains(text(),'Log in')]]
2023-12-17 13:12:415 INFO  LoginPage :62 - Getting text from : [[ChromeDriver: chrome on windows (751a15123cef3acf652084ae40cfea64)] -> xpath: //h1[contains(text(),'Welcome, Please Sign In!')]]
2023-12-17 13:12:940 INFO  LoginPage :47 - Enter email :ankptl55@gmail.com in email field [[ChromeDriver: chrome on windows (77f333b1d910888c7686af73621a757b)] -> id: Email]
2023-12-17 13:12:15 INFO  LoginPage :52 - Enter password :ankptl55 in password field [[ChromeDriver: chrome on windows (77f333b1d910888c7686af73621a757b)] -> name: Password]
2023-12-17 13:12:325 INFO  LoginPage :57 - Clicking on Login button : [[ChromeDriver: chrome on windows (77f333b1d910888c7686af73621a757b)] -> xpath: //button[contains(text(),'Log in')]]
2023-12-17 13:12:912 INFO  LoginPage :47 - Enter email :ankptl55@gmail.com in email field [[ChromeDriver: chrome on windows (63ba6d69f0bd646a09db873088bc7d27)] -> id: Email]
2023-12-17 13:12:977 INFO  LoginPage :52 - Enter password :ankptl55 in password field [[ChromeDriver: chrome on windows (63ba6d69f0bd646a09db873088bc7d27)] -> name: Password]
2023-12-17 13:12:302 INFO  LoginPage :57 - Clicking on Login button : [[ChromeDriver: chrome on windows (63ba6d69f0bd646a09db873088bc7d27)] -> xpath: //button[contains(text(),'Log in')]]
2023-12-17 13:12:997 INFO  LoginPage :41 - Getting text from : [[ChromeDriver: chrome on windows (71406ffcfd95e2a1d43e69f7daf011cb)] -> xpath: //h1[contains(text(),'Welcome, Please Sign In!')]]
2023-12-17 13:12:523 INFO  LoginPage :47 - Enter email :ankptl55@gmail.com in email field [[ChromeDriver: chrome on windows (0f531ee2749a1470f4db16360df0726a)] -> id: Email]
2023-12-17 13:12:605 INFO  LoginPage :52 - Enter password :abc123 in password field [[ChromeDriver: chrome on windows (0f531ee2749a1470f4db16360df0726a)] -> name: Password]
2023-12-17 13:12:881 INFO  LoginPage :57 - Clicking on Login button : [[ChromeDriver: chrome on windows (0f531ee2749a1470f4db16360df0726a)] -> xpath: //button[contains(text(),'Log in')]]
2023-12-17 13:12:997 INFO  LoginPage :62 - Getting text from : [[ChromeDriver: chrome on windows (0f531ee2749a1470f4db16360df0726a)] -> xpath: //h1[contains(text(),'Welcome, Please Sign In!')]]
2023-12-17 13:12:403 INFO  LoginPage :47 - Enter email :ankptl55@gmail.com in email field [[ChromeDriver: chrome on windows (f1f501497d2aca71604c088787da85eb)] -> id: Email]
2023-12-17 13:12:475 INFO  LoginPage :52 - Enter password :ankptl55 in password field [[ChromeDriver: chrome on windows (f1f501497d2aca71604c088787da85eb)] -> name: Password]
2023-12-17 13:12:796 INFO  LoginPage :57 - Clicking on Login button : [[ChromeDriver: chrome on windows (f1f501497d2aca71604c088787da85eb)] -> xpath: //button[contains(text(),'Log in')]]
2023-12-17 13:12:785 INFO  LoginPage :47 - Enter email :ankptl55@gmail.com in email field [[ChromeDriver: chrome on windows (a9d2fc21d17e485f02a40732d4d7c5cf)] -> id: Email]
2023-12-17 13:12:869 INFO  LoginPage :52 - Enter password :ankptl55 in password field [[ChromeDriver: chrome on windows (a9d2fc21d17e485f02a40732d4d7c5cf)] -> name: Password]
2023-12-17 13:12:205 INFO  LoginPage :57 - Clicking on Login button : [[ChromeDriver: chrome on windows (a9d2fc21d17e485f02a40732d4d7c5cf)] -> xpath: //button[contains(text(),'Log in')]]
2023-12-17 13:12:943 INFO  LoginPage :41 - Getting text from : [[ChromeDriver: chrome on windows (e6cfaa44e0c69ede9db50f448cce4818)] -> xpath: //h1[contains(text(),'Welcome, Please Sign In!')]]
2023-12-17 13:12:892 INFO  LoginPage :47 - Enter email :ankptl55@gmail.com in email field [[ChromeDriver: chrome on windows (5ee22e45449b2f6cac4b346634ed4024)] -> id: Email]
2023-12-17 13:12:976 INFO  LoginPage :52 - Enter password :abc123 in password field [[ChromeDriver: chrome on windows (5ee22e45449b2f6cac4b346634ed4024)] -> name: Password]
2023-12-17 13:12:316 INFO  LoginPage :57 - Clicking on Login button : [[ChromeDriver: chrome on windows (5ee22e45449b2f6cac4b346634ed4024)] -> xpath: //button[contains(text(),'Log in')]]
2023-12-17 13:12:401 INFO  LoginPage :62 - Getting text from : [[ChromeDriver: chrome on windows (5ee22e45449b2f6cac4b346634ed4024)] -> xpath: //h1[contains(text(),'Welcome, Please Sign In!')]]
2023-12-17 13:12:900 INFO  LoginPage :47 - Enter email :ankptl55@gmail.com in email field [[ChromeDriver: chrome on windows (8640be884a37f3079902e0be40058108)] -> id: Email]
2023-12-17 13:12:10 INFO  LoginPage :52 - Enter password :ankptl55 in password field [[ChromeDriver: chrome on windows (8640be884a37f3079902e0be40058108)] -> name: Password]
2023-12-17 13:12:379 INFO  LoginPage :57 - Clicking on Login button : [[ChromeDriver: chrome on windows (8640be884a37f3079902e0be40058108)] -> xpath: //button[contains(text(),'Log in')]]
2023-12-17 13:12:853 INFO  LoginPage :47 - Enter email :ankptl55@gmail.com in email field [[ChromeDriver: chrome on windows (34d44c3333f5b880da60d3be07503fae)] -> id: Email]
2023-12-17 13:12:928 INFO  LoginPage :52 - Enter password :ankptl55 in password field [[ChromeDriver: chrome on windows (34d44c3333f5b880da60d3be07503fae)] -> name: Password]
2023-12-17 16:12:153 INFO  LoginPage :41 - Getting text from : [[ChromeDriver: chrome on windows (3c7ec7903ce5b746a5afe698013c07a9)] -> xpath: //h1[contains(text(),'Welcome, Please Sign In!')]]
2023-12-17 16:12:546 INFO  LoginPage :47 - Enter email :ankptl55@gmail.com in email field [[ChromeDriver: chrome on windows (e10046296720620bf692fe18ba3586e8)] -> id: Email]
2023-12-17 16:12:694 INFO  LoginPage :52 - Enter password :abc123 in password field [[ChromeDriver: chrome on windows (e10046296720620bf692fe18ba3586e8)] -> name: Password]
2023-12-17 16:12:103 INFO  LoginPage :57 - Clicking on Login button : [[ChromeDriver: chrome on windows (e10046296720620bf692fe18ba3586e8)] -> xpath: //button[contains(text(),'Log in')]]
2023-12-17 16:12:227 INFO  LoginPage :62 - Getting text from : [[ChromeDriver: chrome on windows (e10046296720620bf692fe18ba3586e8)] -> xpath: //h1[contains(text(),'Welcome, Please Sign In!')]]
2023-12-17 16:12:896 INFO  LoginPage :47 - Enter email :ankptl55@gmail.com in email field [[ChromeDriver: chrome on windows (c82957e757f25fb49c97b6ac3bf2d32f)] -> id: Email]
2023-12-17 16:12:28 INFO  LoginPage :52 - Enter password :ankptl55 in password field [[ChromeDriver: chrome on windows (c82957e757f25fb49c97b6ac3bf2d32f)] -> name: Password]
2023-12-17 16:12:461 INFO  LoginPage :57 - Clicking on Login button : [[ChromeDriver: chrome on windows (c82957e757f25fb49c97b6ac3bf2d32f)] -> xpath: //button[contains(text(),'Log in')]]
2023-12-17 16:12:262 INFO  LoginPage :47 - Enter email :ankptl55@gmail.com in email field [[ChromeDriver: chrome on windows (198fcfd088afa06c9bdbf7482d057e8e)] -> id: Email]
2023-12-17 16:12:498 INFO  LoginPage :52 - Enter password :ankptl55 in password field [[ChromeDriver: chrome on windows (198fcfd088afa06c9bdbf7482d057e8e)] -> name: Password]
2023-12-17 16:12:994 INFO  LoginPage :57 - Clicking on Login button : [[ChromeDriver: chrome on windows (198fcfd088afa06c9bdbf7482d057e8e)] -> xpath: //button[contains(text(),'Log in')]]
2023-12-17 16:12:532 INFO  RegisterPage :97 - click on register button : [[ChromeDriver: chrome on windows (daead32f7f403b1e4411dfbdbea19bf5)] -> xpath: //button[text()= 'Register']]
2023-12-17 16:12:598 INFO  RegisterPage :102 - Getting error message from : [[ChromeDriver: chrome on windows (daead32f7f403b1e4411dfbdbea19bf5)] -> id: FirstName-error]
2023-12-17 16:12:668 INFO  RegisterPage :108 - Getting error message from : [[ChromeDriver: chrome on windows (daead32f7f403b1e4411dfbdbea19bf5)] -> id: LastName-error]
2023-12-17 16:12:707 INFO  RegisterPage :114 - Getting error message from : [[ChromeDriver: chrome on windows (daead32f7f403b1e4411dfbdbea19bf5)] -> id: Email-error]
2023-12-17 16:12:746 INFO  RegisterPage :120 - Getting error message from : [[ChromeDriver: chrome on windows (daead32f7f403b1e4411dfbdbea19bf5)] -> id: Password-error]
2023-12-17 16:12:788 INFO  RegisterPage :126 - Getting error message from : [[ChromeDriver: chrome on windows (daead32f7f403b1e4411dfbdbea19bf5)] -> id: ConfirmPassword-error]
2023-12-17 16:12:960 INFO  RegisterPage :132 - click on radio button : [[ChromeDriver: chrome on windows (35468dfc9440be1848fe01953c3f7332)] -> id: gender-female]
2023-12-17 16:12:118 INFO  RegisterPage :137 - Enter first name :Michel in first name field [[ChromeDriver: chrome on windows (35468dfc9440be1848fe01953c3f7332)] -> id: FirstName]
2023-12-17 16:12:259 INFO  RegisterPage :142 - Enter last name :jackson in last name field [[ChromeDriver: chrome on windows (35468dfc9440be1848fe01953c3f7332)] -> name: LastName]
2023-12-17 16:12:444 INFO  RegisterPage :148 - Enter day of birthdate :5 in day field [[ChromeDriver: chrome on windows (35468dfc9440be1848fe01953c3f7332)] -> name: DateOfBirthDay]
2023-12-17 16:12:611 INFO  RegisterPage :153 - Enter month of birthdate :May in month field [[ChromeDriver: chrome on windows (35468dfc9440be1848fe01953c3f7332)] -> name: DateOfBirthMonth]
2023-12-17 16:12:790 INFO  RegisterPage :158 - Enter year of birthdate :1995 in year field [[ChromeDriver: chrome on windows (35468dfc9440be1848fe01953c3f7332)] -> name: DateOfBirthYear]
2023-12-17 16:12:969 INFO  RegisterPage :171 - Enter email :michel368121068xG9Izmouse@gmail.com in email field [[ChromeDriver: chrome on windows (35468dfc9440be1848fe01953c3f7332)] -> id: Email]
2023-12-17 16:12:107 INFO  RegisterPage :176 - Enter password :m123456 in password field [[ChromeDriver: chrome on windows (35468dfc9440be1848fe01953c3f7332)] -> id: Password]
2023-12-17 16:12:214 INFO  RegisterPage :181 - Enter confirm password :m123456 in confirm password field [[ChromeDriver: chrome on windows (35468dfc9440be1848fe01953c3f7332)] -> id: ConfirmPassword]
2023-12-17 16:12:892 INFO  RegisterPage :97 - click on register button : [[ChromeDriver: chrome on windows (35468dfc9440be1848fe01953c3f7332)] -> xpath: //button[text()= 'Register']]
2023-12-17 16:12:959 INFO  RegisterPage :91 - Getting text from : [[ChromeDriver: chrome on windows (35468dfc9440be1848fe01953c3f7332)] -> xpath: //h1[text()='Register']]
2023-12-17 16:12:440 INFO  LoginPage :41 - Getting text from : [[ChromeDriver: chrome on windows (029883b7e0bf7a48484628801fb294e0)] -> xpath: //h1[contains(text(),'Welcome, Please Sign In!')]]
2023-12-17 16:12:657 INFO  LoginPage :47 - Enter email :ankptl55@gmail.com in email field [[ChromeDriver: chrome on windows (fc0f0ed38558e6f81e75083203dedce0)] -> id: Email]
2023-12-17 16:12:812 INFO  LoginPage :52 - Enter password :abc123 in password field [[ChromeDriver: chrome on windows (fc0f0ed38558e6f81e75083203dedce0)] -> name: Password]
2023-12-17 16:12:258 INFO  LoginPage :57 - Clicking on Login button : [[ChromeDriver: chrome on windows (fc0f0ed38558e6f81e75083203dedce0)] -> xpath: //button[contains(text(),'Log in')]]
2023-12-17 16:12:362 INFO  LoginPage :62 - Getting text from : [[ChromeDriver: chrome on windows (fc0f0ed38558e6f81e75083203dedce0)] -> xpath: //h1[contains(text(),'Welcome, Please Sign In!')]]
2023-12-17 16:12:712 INFO  LoginPage :47 - Enter email :ankptl55@gmail.com in email field [[ChromeDriver: chrome on windows (56ed3e16c86be9376aadbd9f9f602399)] -> id: Email]
2023-12-17 16:12:851 INFO  LoginPage :52 - Enter password :ankptl55 in password field [[ChromeDriver: chrome on windows (56ed3e16c86be9376aadbd9f9f602399)] -> name: Password]
2023-12-17 16:12:297 INFO  LoginPage :57 - Clicking on Login button : [[ChromeDriver: chrome on windows (56ed3e16c86be9376aadbd9f9f602399)] -> xpath: //button[contains(text(),'Log in')]]
2023-12-17 16:12:297 INFO  LoginPage :47 - Enter email :ankptl55@gmail.com in email field [[ChromeDriver: chrome on windows (6751b767bd3f35a7f110aced7b4e57d1)] -> id: Email]
2023-12-17 16:12:432 INFO  LoginPage :52 - Enter password :ankptl55 in password field [[ChromeDriver: chrome on windows (6751b767bd3f35a7f110aced7b4e57d1)] -> name: Password]
2023-12-17 16:12:815 INFO  LoginPage :57 - Clicking on Login button : [[ChromeDriver: chrome on windows (6751b767bd3f35a7f110aced7b4e57d1)] -> xpath: //button[contains(text(),'Log in')]]
2023-12-17 16:12:742 INFO  RegisterPage :97 - click on register button : [[ChromeDriver: chrome on windows (36c5ad80f0b75f5bcbea06110a5e5760)] -> xpath: //button[text()= 'Register']]
2023-12-17 16:12:800 INFO  RegisterPage :102 - Getting error message from : [[ChromeDriver: chrome on windows (36c5ad80f0b75f5bcbea06110a5e5760)] -> id: FirstName-error]
2023-12-17 16:12:867 INFO  RegisterPage :108 - Getting error message from : [[ChromeDriver: chrome on windows (36c5ad80f0b75f5bcbea06110a5e5760)] -> id: LastName-error]
2023-12-17 16:12:898 INFO  RegisterPage :114 - Getting error message from : [[ChromeDriver: chrome on windows (36c5ad80f0b75f5bcbea06110a5e5760)] -> id: Email-error]
2023-12-17 16:12:930 INFO  RegisterPage :120 - Getting error message from : [[ChromeDriver: chrome on windows (36c5ad80f0b75f5bcbea06110a5e5760)] -> id: Password-error]
2023-12-17 16:12:959 INFO  RegisterPage :126 - Getting error message from : [[ChromeDriver: chrome on windows (36c5ad80f0b75f5bcbea06110a5e5760)] -> id: ConfirmPassword-error]
2023-12-17 16:12:358 INFO  RegisterPage :132 - click on radio button : [[ChromeDriver: chrome on windows (113448d119829d8e79d90fd86b206f99)] -> id: gender-female]
2023-12-17 16:12:501 INFO  RegisterPage :137 - Enter first name :Michel in first name field [[ChromeDriver: chrome on windows (113448d119829d8e79d90fd86b206f99)] -> id: FirstName]
2023-12-17 16:12:653 INFO  RegisterPage :142 - Enter last name :jackson in last name field [[ChromeDriver: chrome on windows (113448d119829d8e79d90fd86b206f99)] -> name: LastName]
2023-12-17 16:12:828 INFO  RegisterPage :148 - Enter day of birthdate :5 in day field [[ChromeDriver: chrome on windows (113448d119829d8e79d90fd86b206f99)] -> name: DateOfBirthDay]
2023-12-17 16:12:983 INFO  RegisterPage :153 - Enter month of birthdate :May in month field [[ChromeDriver: chrome on windows (113448d119829d8e79d90fd86b206f99)] -> name: DateOfBirthMonth]
2023-12-17 16:12:149 INFO  RegisterPage :158 - Enter year of birthdate :1995 in year field [[ChromeDriver: chrome on windows (113448d119829d8e79d90fd86b206f99)] -> name: DateOfBirthYear]
2023-12-17 16:12:333 INFO  RegisterPage :171 - Enter email :michel368121068LtVO0mouse@gmail.com in email field [[ChromeDriver: chrome on windows (113448d119829d8e79d90fd86b206f99)] -> id: Email]
2023-12-17 16:12:467 INFO  RegisterPage :176 - Enter password :m123456 in password field [[ChromeDriver: chrome on windows (113448d119829d8e79d90fd86b206f99)] -> id: Password]
2023-12-17 16:12:565 INFO  RegisterPage :181 - Enter confirm password :m123456 in confirm password field [[ChromeDriver: chrome on windows (113448d119829d8e79d90fd86b206f99)] -> id: ConfirmPassword]
2023-12-17 16:12:125 INFO  RegisterPage :97 - click on register button : [[ChromeDriver: chrome on windows (113448d119829d8e79d90fd86b206f99)] -> xpath: //button[text()= 'Register']]
2023-12-17 16:12:256 INFO  RegisterPage :91 - Getting text from : [[ChromeDriver: chrome on windows (113448d119829d8e79d90fd86b206f99)] -> xpath: //h1[text()='Register']]
2023-12-17 16:12:39 INFO  LoginPage :41 - Getting text from : [[ChromeDriver: chrome on windows (2c26927e5993b56453b8c3dd117bd39d)] -> xpath: //h1[contains(text(),'Welcome, Please Sign In!')]]
2023-12-17 16:12:38 INFO  LoginPage :47 - Enter email :ankptl55@gmail.com in email field [[ChromeDriver: chrome on windows (2dd0e33cb0019ce5e8d4ff7c7b91dbe3)] -> id: Email]
2023-12-17 16:12:256 INFO  LoginPage :52 - Enter password :abc123 in password field [[ChromeDriver: chrome on windows (2dd0e33cb0019ce5e8d4ff7c7b91dbe3)] -> name: Password]
2023-12-17 16:12:791 INFO  LoginPage :57 - Clicking on Login button : [[ChromeDriver: chrome on windows (2dd0e33cb0019ce5e8d4ff7c7b91dbe3)] -> xpath: //button[contains(text(),'Log in')]]
2023-12-17 16:12:896 INFO  LoginPage :62 - Getting text from : [[ChromeDriver: chrome on windows (2dd0e33cb0019ce5e8d4ff7c7b91dbe3)] -> xpath: //h1[contains(text(),'Welcome, Please Sign In!')]]
2023-12-17 16:12:687 INFO  LoginPage :47 - Enter email :ankptl55@gmail.com in email field [[ChromeDriver: chrome on windows (e0bc938f53d44ce2db724a42cbe2c635)] -> id: Email]
2023-12-17 16:12:936 INFO  LoginPage :52 - Enter password :ankptl55 in password field [[ChromeDriver: chrome on windows (e0bc938f53d44ce2db724a42cbe2c635)] -> name: Password]
2023-12-17 16:12:625 INFO  LoginPage :57 - Clicking on Login button : [[ChromeDriver: chrome on windows (e0bc938f53d44ce2db724a42cbe2c635)] -> xpath: //button[contains(text(),'Log in')]]
2023-12-17 16:12:900 INFO  LoginPage :68 - Getting text from : Proxy element for: DefaultElementLocator 'By.xpath: //h1[contains(text(),'Welcome, Please Sign In!')]'
2023-12-17 16:12:876 INFO  LoginPage :47 - Enter email :ankptl55@gmail.com in email field [[ChromeDriver: chrome on windows (59a1b7aa7352fd6fcef4d06c7a48e831)] -> id: Email]
2023-12-17 16:12:985 INFO  LoginPage :52 - Enter password :ankptl55 in password field [[ChromeDriver: chrome on windows (59a1b7aa7352fd6fcef4d06c7a48e831)] -> name: Password]
2023-12-17 16:12:684 INFO  LoginPage :57 - Clicking on Login button : [[ChromeDriver: chrome on windows (59a1b7aa7352fd6fcef4d06c7a48e831)] -> xpath: //button[contains(text(),'Log in')]]
2023-12-17 16:12:321 INFO  LoginPage :74 - Clicking on Logout link : [[ChromeDriver: chrome on windows (59a1b7aa7352fd6fcef4d06c7a48e831)] -> xpath: (//a[normalize-space()='Log out'])[1]]
2023-12-17 16:12:711 INFO  RegisterPage :97 - click on register button : [[ChromeDriver: chrome on windows (abdaa00eaf68857c7a276ace9a4b7334)] -> xpath: //button[text()= 'Register']]
2023-12-17 16:12:770 INFO  RegisterPage :102 - Getting error message from : [[ChromeDriver: chrome on windows (abdaa00eaf68857c7a276ace9a4b7334)] -> id: FirstName-error]
2023-12-17 16:12:809 INFO  RegisterPage :108 - Getting error message from : [[ChromeDriver: chrome on windows (abdaa00eaf68857c7a276ace9a4b7334)] -> id: LastName-error]
2023-12-17 16:12:860 INFO  RegisterPage :114 - Getting error message from : [[ChromeDriver: chrome on windows (abdaa00eaf68857c7a276ace9a4b7334)] -> id: Email-error]
2023-12-17 16:12:892 INFO  RegisterPage :120 - Getting error message from : [[ChromeDriver: chrome on windows (abdaa00eaf68857c7a276ace9a4b7334)] -> id: Password-error]
2023-12-17 16:12:920 INFO  RegisterPage :126 - Getting error message from : [[ChromeDriver: chrome on windows (abdaa00eaf68857c7a276ace9a4b7334)] -> id: ConfirmPassword-error]
2023-12-17 16:12:974 INFO  RegisterPage :132 - click on radio button : [[ChromeDriver: chrome on windows (90d6a35c94a0baddce0cdc9763a5fe3b)] -> id: gender-female]
2023-12-17 16:12:125 INFO  RegisterPage :137 - Enter first name :Michel in first name field [[ChromeDriver: chrome on windows (90d6a35c94a0baddce0cdc9763a5fe3b)] -> id: FirstName]
2023-12-17 16:12:264 INFO  RegisterPage :142 - Enter last name :jackson in last name field [[ChromeDriver: chrome on windows (90d6a35c94a0baddce0cdc9763a5fe3b)] -> name: LastName]
2023-12-17 16:12:450 INFO  RegisterPage :148 - Enter day of birthdate :5 in day field [[ChromeDriver: chrome on windows (90d6a35c94a0baddce0cdc9763a5fe3b)] -> name: DateOfBirthDay]
2023-12-17 16:12:610 INFO  RegisterPage :153 - Enter month of birthdate :May in month field [[ChromeDriver: chrome on windows (90d6a35c94a0baddce0cdc9763a5fe3b)] -> name: DateOfBirthMonth]
2023-12-17 16:12:769 INFO  RegisterPage :158 - Enter year of birthdate :1995 in year field [[ChromeDriver: chrome on windows (90d6a35c94a0baddce0cdc9763a5fe3b)] -> name: DateOfBirthYear]
2023-12-17 16:12:930 INFO  RegisterPage :171 - Enter email :michel368121068t4pdpmouse@gmail.com in email field [[ChromeDriver: chrome on windows (90d6a35c94a0baddce0cdc9763a5fe3b)] -> id: Email]
2023-12-17 16:12:70 INFO  RegisterPage :176 - Enter password :m123456 in password field [[ChromeDriver: chrome on windows (90d6a35c94a0baddce0cdc9763a5fe3b)] -> id: Password]
2023-12-17 16:12:173 INFO  RegisterPage :181 - Enter confirm password :m123456 in confirm password field [[ChromeDriver: chrome on windows (90d6a35c94a0baddce0cdc9763a5fe3b)] -> id: ConfirmPassword]
2023-12-17 16:12:864 INFO  RegisterPage :97 - click on register button : [[ChromeDriver: chrome on windows (90d6a35c94a0baddce0cdc9763a5fe3b)] -> xpath: //button[text()= 'Register']]
2023-12-17 16:12:924 INFO  RegisterPage :186 - Getting registration complete text from : [[ChromeDriver: chrome on windows (90d6a35c94a0baddce0cdc9763a5fe3b)] -> xpath: //div[text()='Your registration completed']]
2023-12-17 16:12:36 INFO  LoginPage :41 - Getting text from : [[ChromeDriver: chrome on windows (839042f7c9554227f391c4adabaa35f4)] -> xpath: //h1[contains(text(),'Welcome, Please Sign In!')]]
2023-12-17 16:12:669 INFO  LoginPage :41 - Getting text from : [[ChromeDriver: chrome on windows (4ce47fe39c31b290511a0b61023c691e)] -> xpath: //h1[contains(text(),'Welcome, Please Sign In!')]]
2023-12-17 18:12:552 INFO  LoginPage :41 - Getting text from : [[ChromeDriver: chrome on windows (5724e5ce17293db650eb33fe33f7dec6)] -> xpath: //h1[contains(text(),'Welcome, Please Sign In!')]]
2023-12-17 18:12:48 INFO  LoginPage :47 - Enter email :ankptl55@gmail.com in email field [[ChromeDriver: chrome on windows (e240423cec97e4097567a67ac992a6ec)] -> id: Email]
2023-12-17 18:12:166 INFO  LoginPage :52 - Enter password :abc123 in password field [[ChromeDriver: chrome on windows (e240423cec97e4097567a67ac992a6ec)] -> name: Password]
2023-12-17 18:12:545 INFO  LoginPage :57 - Clicking on Login button : [[ChromeDriver: chrome on windows (e240423cec97e4097567a67ac992a6ec)] -> xpath: //button[contains(text(),'Log in')]]
2023-12-17 18:12:652 INFO  LoginPage :62 - Getting text from : [[ChromeDriver: chrome on windows (e240423cec97e4097567a67ac992a6ec)] -> xpath: //h1[contains(text(),'Welcome, Please Sign In!')]]
2023-12-17 18:12:85 INFO  LoginPage :47 - Enter email :ankptl55@gmail.com in email field [[ChromeDriver: chrome on windows (50a3f2bea36711b641d7e6f09dd8afc0)] -> id: Email]
2023-12-17 18:12:202 INFO  LoginPage :52 - Enter password :ankptl55 in password field [[ChromeDriver: chrome on windows (50a3f2bea36711b641d7e6f09dd8afc0)] -> name: Password]
2023-12-17 18:12:501 INFO  LoginPage :57 - Clicking on Login button : [[ChromeDriver: chrome on windows (50a3f2bea36711b641d7e6f09dd8afc0)] -> xpath: //button[contains(text(),'Log in')]]
2023-12-17 18:12:159 INFO  LoginPage :47 - Enter email :ankptl55@gmail.com in email field [[ChromeDriver: chrome on windows (f101ab2d23733f1e6d2d745c34439521)] -> id: Email]
2023-12-17 18:12:272 INFO  LoginPage :52 - Enter password :ankptl55 in password field [[ChromeDriver: chrome on windows (f101ab2d23733f1e6d2d745c34439521)] -> name: Password]
2023-12-17 18:12:666 INFO  LoginPage :57 - Clicking on Login button : [[ChromeDriver: chrome on windows (f101ab2d23733f1e6d2d745c34439521)] -> xpath: //button[contains(text(),'Log in')]]
2023-12-17 18:12:431 INFO  RegisterPage :97 - click on register button : [[ChromeDriver: chrome on windows (e9c66ab99201d8e890c5aab8d0e2c26a)] -> xpath: //button[text()= 'Register']]
2023-12-17 18:12:479 INFO  RegisterPage :102 - Getting error message from : [[ChromeDriver: chrome on windows (e9c66ab99201d8e890c5aab8d0e2c26a)] -> id: FirstName-error]
2023-12-17 18:12:541 INFO  RegisterPage :108 - Getting error message from : [[ChromeDriver: chrome on windows (e9c66ab99201d8e890c5aab8d0e2c26a)] -> id: LastName-error]
2023-12-17 18:12:574 INFO  RegisterPage :114 - Getting error message from : [[ChromeDriver: chrome on windows (e9c66ab99201d8e890c5aab8d0e2c26a)] -> id: Email-error]
2023-12-17 18:12:607 INFO  RegisterPage :120 - Getting error message from : [[ChromeDriver: chrome on windows (e9c66ab99201d8e890c5aab8d0e2c26a)] -> id: Password-error]
2023-12-17 18:12:637 INFO  RegisterPage :126 - Getting error message from : [[ChromeDriver: chrome on windows (e9c66ab99201d8e890c5aab8d0e2c26a)] -> id: ConfirmPassword-error]
2023-12-17 18:12:604 INFO  RegisterPage :132 - click on radio button : [[ChromeDriver: chrome on windows (31b4097983a2c0e2d0c0f9245c32ecb1)] -> id: gender-female]
2023-12-17 18:12:752 INFO  RegisterPage :137 - Enter first name :Michel in first name field [[ChromeDriver: chrome on windows (31b4097983a2c0e2d0c0f9245c32ecb1)] -> id: FirstName]
2023-12-17 18:12:891 INFO  RegisterPage :142 - Enter last name :jackson in last name field [[ChromeDriver: chrome on windows (31b4097983a2c0e2d0c0f9245c32ecb1)] -> name: LastName]
2023-12-17 18:12:64 INFO  RegisterPage :148 - Enter day of birthdate :5 in day field [[ChromeDriver: chrome on windows (31b4097983a2c0e2d0c0f9245c32ecb1)] -> name: DateOfBirthDay]
2023-12-17 18:12:221 INFO  RegisterPage :153 - Enter month of birthdate :May in month field [[ChromeDriver: chrome on windows (31b4097983a2c0e2d0c0f9245c32ecb1)] -> name: DateOfBirthMonth]
2023-12-17 18:12:373 INFO  RegisterPage :158 - Enter year of birthdate :1995 in year field [[ChromeDriver: chrome on windows (31b4097983a2c0e2d0c0f9245c32ecb1)] -> name: DateOfBirthYear]
2023-12-17 18:12:531 INFO  RegisterPage :171 - Enter email :michel368121068mdwnCmouse@gmail.com in email field [[ChromeDriver: chrome on windows (31b4097983a2c0e2d0c0f9245c32ecb1)] -> id: Email]
2023-12-17 18:12:643 INFO  RegisterPage :176 - Enter password :m123456 in password field [[ChromeDriver: chrome on windows (31b4097983a2c0e2d0c0f9245c32ecb1)] -> id: Password]
2023-12-17 18:12:737 INFO  RegisterPage :181 - Enter confirm password :m123456 in confirm password field [[ChromeDriver: chrome on windows (31b4097983a2c0e2d0c0f9245c32ecb1)] -> id: ConfirmPassword]
2023-12-17 18:12:261 INFO  RegisterPage :97 - click on register button : [[ChromeDriver: chrome on windows (31b4097983a2c0e2d0c0f9245c32ecb1)] -> xpath: //button[text()= 'Register']]
2023-12-17 18:12:374 INFO  RegisterPage :186 - Getting registration complete text from : [[ChromeDriver: chrome on windows (31b4097983a2c0e2d0c0f9245c32ecb1)] -> xpath: //div[text()='Your registration completed']]
2023-12-17 18:12:856 INFO  LoginPage :41 - Getting text from : [[ChromeDriver: chrome on windows (2a9540864a593e0935def4651b8c5b01)] -> xpath: //h1[contains(text(),'Welcome, Please Sign In!')]]
2023-12-17 18:12:385 INFO  LoginPage :47 - Enter email :ankptl55@gmail.com in email field [[ChromeDriver: chrome on windows (a23b4204acd8a163a21d8c84e8f6ea80)] -> id: Email]
2023-12-17 18:12:491 INFO  LoginPage :52 - Enter password :abc123 in password field [[ChromeDriver: chrome on windows (a23b4204acd8a163a21d8c84e8f6ea80)] -> name: Password]
2023-12-17 18:12:783 INFO  LoginPage :57 - Clicking on Login button : [[ChromeDriver: chrome on windows (a23b4204acd8a163a21d8c84e8f6ea80)] -> xpath: //button[contains(text(),'Log in')]]
2023-12-17 18:12:931 INFO  LoginPage :62 - Getting text from : [[ChromeDriver: chrome on windows (a23b4204acd8a163a21d8c84e8f6ea80)] -> xpath: //h1[contains(text(),'Welcome, Please Sign In!')]]
2023-12-17 18:12:460 INFO  LoginPage :47 - Enter email :ankptl55@gmail.com in email field [[ChromeDriver: chrome on windows (668c1d312e0cbda34723a2354e55f0af)] -> id: Email]
2023-12-17 18:12:564 INFO  LoginPage :52 - Enter password :ankptl55 in password field [[ChromeDriver: chrome on windows (668c1d312e0cbda34723a2354e55f0af)] -> name: Password]
2023-12-17 18:12:115 INFO  LoginPage :57 - Clicking on Login button : [[ChromeDriver: chrome on windows (668c1d312e0cbda34723a2354e55f0af)] -> xpath: //button[contains(text(),'Log in')]]
2023-12-17 18:12:341 INFO  LoginPage :68 - Getting text from : Proxy element for: DefaultElementLocator 'By.xpath: //h1[contains(text(),'Welcome, Please Sign In!')]'
2023-12-17 18:12:960 INFO  LoginPage :47 - Enter email :ankptl55@gmail.com in email field [[ChromeDriver: chrome on windows (f851d26fa16a2fea07f4cba726e76741)] -> id: Email]
2023-12-17 18:12:45 INFO  LoginPage :52 - Enter password :ankptl55 in password field [[ChromeDriver: chrome on windows (f851d26fa16a2fea07f4cba726e76741)] -> name: Password]
2023-12-17 18:12:660 INFO  LoginPage :57 - Clicking on Login button : [[ChromeDriver: chrome on windows (f851d26fa16a2fea07f4cba726e76741)] -> xpath: //button[contains(text(),'Log in')]]
2023-12-17 18:12:273 INFO  LoginPage :74 - Clicking on Logout link : [[ChromeDriver: chrome on windows (f851d26fa16a2fea07f4cba726e76741)] -> xpath: (//a[normalize-space()='Log out'])[1]]
2023-12-17 18:12:403 INFO  RegisterPage :97 - click on register button : [[ChromeDriver: chrome on windows (9c27f885887aea7fac7e133dc5b45fa5)] -> xpath: //button[text()= 'Register']]
2023-12-17 18:12:452 INFO  RegisterPage :102 - Getting error message from : [[ChromeDriver: chrome on windows (9c27f885887aea7fac7e133dc5b45fa5)] -> id: FirstName-error]
2023-12-17 18:12:506 INFO  RegisterPage :108 - Getting error message from : [[ChromeDriver: chrome on windows (9c27f885887aea7fac7e133dc5b45fa5)] -> id: LastName-error]
2023-12-17 18:12:532 INFO  RegisterPage :114 - Getting error message from : [[ChromeDriver: chrome on windows (9c27f885887aea7fac7e133dc5b45fa5)] -> id: Email-error]
2023-12-17 18:12:558 INFO  RegisterPage :120 - Getting error message from : [[ChromeDriver: chrome on windows (9c27f885887aea7fac7e133dc5b45fa5)] -> id: Password-error]
2023-12-17 18:12:584 INFO  RegisterPage :126 - Getting error message from : [[ChromeDriver: chrome on windows (9c27f885887aea7fac7e133dc5b45fa5)] -> id: ConfirmPassword-error]
2023-12-17 18:12:236 INFO  RegisterPage :132 - click on radio button : [[ChromeDriver: chrome on windows (fbac52829d8a96cbaef30e50cd6568ec)] -> id: gender-female]
2023-12-17 18:12:349 INFO  RegisterPage :137 - Enter first name :Michel in first name field [[ChromeDriver: chrome on windows (fbac52829d8a96cbaef30e50cd6568ec)] -> id: FirstName]
2023-12-17 18:12:464 INFO  RegisterPage :142 - Enter last name :jackson in last name field [[ChromeDriver: chrome on windows (fbac52829d8a96cbaef30e50cd6568ec)] -> name: LastName]
2023-12-17 18:12:614 INFO  RegisterPage :148 - Enter day of birthdate :5 in day field [[ChromeDriver: chrome on windows (fbac52829d8a96cbaef30e50cd6568ec)] -> name: DateOfBirthDay]
2023-12-17 18:12:734 INFO  RegisterPage :153 - Enter month of birthdate :May in month field [[ChromeDriver: chrome on windows (fbac52829d8a96cbaef30e50cd6568ec)] -> name: DateOfBirthMonth]
2023-12-17 18:12:856 INFO  RegisterPage :158 - Enter year of birthdate :1995 in year field [[ChromeDriver: chrome on windows (fbac52829d8a96cbaef30e50cd6568ec)] -> name: DateOfBirthYear]
2023-12-17 18:12:986 INFO  RegisterPage :171 - Enter email :michel368121068Q0mzfmouse@gmail.com in email field [[ChromeDriver: chrome on windows (fbac52829d8a96cbaef30e50cd6568ec)] -> id: Email]
2023-12-17 18:12:84 INFO  RegisterPage :176 - Enter password :m123456 in password field [[ChromeDriver: chrome on windows (fbac52829d8a96cbaef30e50cd6568ec)] -> id: Password]
2023-12-17 18:12:169 INFO  RegisterPage :181 - Enter confirm password :m123456 in confirm password field [[ChromeDriver: chrome on windows (fbac52829d8a96cbaef30e50cd6568ec)] -> id: ConfirmPassword]
2023-12-17 18:12:706 INFO  RegisterPage :97 - click on register button : [[ChromeDriver: chrome on windows (fbac52829d8a96cbaef30e50cd6568ec)] -> xpath: //button[text()= 'Register']]
2023-12-17 18:12:768 INFO  RegisterPage :186 - Getting registration complete text from : [[ChromeDriver: chrome on windows (fbac52829d8a96cbaef30e50cd6568ec)] -> xpath: //div[text()='Your registration completed']]
2023-12-17 18:12:268 INFO  LoginPage :41 - Getting text from : [[ChromeDriver: chrome on windows (b1b11e8868a9278c34ca69a7bbd8a303)] -> xpath: //h1[contains(text(),'Welcome, Please Sign In!')]]
2023-12-17 18:12:428 INFO  LoginPage :47 - Enter email :ankptl55@gmail.com in email field [[ChromeDriver: chrome on windows (32035a4b80a6e15d9fb81255b0a13ea6)] -> id: Email]
2023-12-17 18:12:605 INFO  LoginPage :52 - Enter password :abc123 in password field [[ChromeDriver: chrome on windows (32035a4b80a6e15d9fb81255b0a13ea6)] -> name: Password]
2023-12-17 18:12:108 INFO  LoginPage :57 - Clicking on Login button : [[ChromeDriver: chrome on windows (32035a4b80a6e15d9fb81255b0a13ea6)] -> xpath: //button[contains(text(),'Log in')]]
2023-12-17 18:12:331 INFO  LoginPage :62 - Getting text from : [[ChromeDriver: chrome on windows (32035a4b80a6e15d9fb81255b0a13ea6)] -> xpath: //h1[contains(text(),'Welcome, Please Sign In!')]]
2023-12-17 18:12:895 INFO  LoginPage :47 - Enter email :ankptl55@gmail.com in email field [[ChromeDriver: chrome on windows (7824aad9fad05246dd491c51f145ea2a)] -> id: Email]
2023-12-17 18:12:96 INFO  LoginPage :52 - Enter password :ankptl55 in password field [[ChromeDriver: chrome on windows (7824aad9fad05246dd491c51f145ea2a)] -> name: Password]
2023-12-17 18:12:700 INFO  LoginPage :57 - Clicking on Login button : [[ChromeDriver: chrome on windows (7824aad9fad05246dd491c51f145ea2a)] -> xpath: //button[contains(text(),'Log in')]]
2023-12-17 18:12:122 INFO  LoginPage :68 - Getting text from : Proxy element for: DefaultElementLocator 'By.xpath: //h1[contains(text(),'Welcome, Please Sign In!')]'
2023-12-17 18:12:306 INFO  LoginPage :47 - Enter email :ankptl55@gmail.com in email field [[ChromeDriver: chrome on windows (a12a741393c16ea2e769d484295e65eb)] -> id: Email]
2023-12-17 18:12:484 INFO  LoginPage :52 - Enter password :ankptl55 in password field [[ChromeDriver: chrome on windows (a12a741393c16ea2e769d484295e65eb)] -> name: Password]
2023-12-17 18:12:186 INFO  LoginPage :57 - Clicking on Login button : [[ChromeDriver: chrome on windows (a12a741393c16ea2e769d484295e65eb)] -> xpath: //button[contains(text(),'Log in')]]
2023-12-17 18:12:44 INFO  LoginPage :74 - Clicking on Logout link : [[ChromeDriver: chrome on windows (a12a741393c16ea2e769d484295e65eb)] -> xpath: (//a[normalize-space()='Log out'])[1]]
2023-12-17 18:12:392 INFO  RegisterPage :97 - click on register button : [[ChromeDriver: chrome on windows (3457310bf71226a61744b7e6fb951246)] -> xpath: //button[text()= 'Register']]
2023-12-17 18:12:594 INFO  RegisterPage :102 - Getting error message from : [[ChromeDriver: chrome on windows (3457310bf71226a61744b7e6fb951246)] -> id: FirstName-error]
2023-12-17 18:12:658 INFO  RegisterPage :108 - Getting error message from : [[ChromeDriver: chrome on windows (3457310bf71226a61744b7e6fb951246)] -> id: LastName-error]
2023-12-17 18:12:704 INFO  RegisterPage :114 - Getting error message from : [[ChromeDriver: chrome on windows (3457310bf71226a61744b7e6fb951246)] -> id: Email-error]
2023-12-17 18:12:759 INFO  RegisterPage :120 - Getting error message from : [[ChromeDriver: chrome on windows (3457310bf71226a61744b7e6fb951246)] -> id: Password-error]
2023-12-17 18:12:827 INFO  RegisterPage :126 - Getting error message from : [[ChromeDriver: chrome on windows (3457310bf71226a61744b7e6fb951246)] -> id: ConfirmPassword-error]
2023-12-17 18:12:03 INFO  RegisterPage :132 - click on radio button : [[ChromeDriver: chrome on windows (c5bd921179d7d91e58c00719aa556454)] -> id: gender-female]
2023-12-17 18:12:239 INFO  RegisterPage :137 - Enter first name :Michel in first name field [[ChromeDriver: chrome on windows (c5bd921179d7d91e58c00719aa556454)] -> id: FirstName]
2023-12-17 18:12:456 INFO  RegisterPage :142 - Enter last name :jackson in last name field [[ChromeDriver: chrome on windows (c5bd921179d7d91e58c00719aa556454)] -> name: LastName]
2023-12-17 18:12:724 INFO  RegisterPage :148 - Enter day of birthdate :5 in day field [[ChromeDriver: chrome on windows (c5bd921179d7d91e58c00719aa556454)] -> name: DateOfBirthDay]
2023-12-17 18:12:944 INFO  RegisterPage :153 - Enter month of birthdate :May in month field [[ChromeDriver: chrome on windows (c5bd921179d7d91e58c00719aa556454)] -> name: DateOfBirthMonth]
2023-12-17 18:12:161 INFO  RegisterPage :158 - Enter year of birthdate :1995 in year field [[ChromeDriver: chrome on windows (c5bd921179d7d91e58c00719aa556454)] -> name: DateOfBirthYear]
2023-12-17 18:12:426 INFO  RegisterPage :171 - Enter email :michel368121068KSG9Emouse@gmail.com in email field [[ChromeDriver: chrome on windows (c5bd921179d7d91e58c00719aa556454)] -> id: Email]
2023-12-17 18:12:653 INFO  RegisterPage :176 - Enter password :m123456 in password field [[ChromeDriver: chrome on windows (c5bd921179d7d91e58c00719aa556454)] -> id: Password]
2023-12-17 18:12:825 INFO  RegisterPage :181 - Enter confirm password :m123456 in confirm password field [[ChromeDriver: chrome on windows (c5bd921179d7d91e58c00719aa556454)] -> id: ConfirmPassword]
2023-12-17 18:12:540 INFO  RegisterPage :97 - click on register button : [[ChromeDriver: chrome on windows (c5bd921179d7d91e58c00719aa556454)] -> xpath: //button[text()= 'Register']]
2023-12-17 18:12:656 INFO  RegisterPage :186 - Getting registration complete text from : [[ChromeDriver: chrome on windows (c5bd921179d7d91e58c00719aa556454)] -> xpath: //div[text()='Your registration completed']]
2023-12-17 20:12:36 INFO  RegisterPage :97 - click on register button : [[ChromeDriver: chrome on windows (a9dfe236c6be6f604570cb26e35144db)] -> xpath: //button[text()= 'Register']]
2023-12-17 20:12:81 INFO  RegisterPage :102 - Getting error message from : [[ChromeDriver: chrome on windows (a9dfe236c6be6f604570cb26e35144db)] -> id: FirstName-error]
2023-12-17 20:12:128 INFO  RegisterPage :108 - Getting error message from : [[ChromeDriver: chrome on windows (a9dfe236c6be6f604570cb26e35144db)] -> id: LastName-error]
2023-12-17 20:12:151 INFO  RegisterPage :114 - Getting error message from : [[ChromeDriver: chrome on windows (a9dfe236c6be6f604570cb26e35144db)] -> id: Email-error]
2023-12-17 20:12:175 INFO  RegisterPage :120 - Getting error message from : [[ChromeDriver: chrome on windows (a9dfe236c6be6f604570cb26e35144db)] -> id: Password-error]
2023-12-17 20:12:196 INFO  RegisterPage :126 - Getting error message from : [[ChromeDriver: chrome on windows (a9dfe236c6be6f604570cb26e35144db)] -> id: ConfirmPassword-error]
2023-12-17 20:12:936 INFO  RegisterPage :132 - click on radio button : [[ChromeDriver: chrome on windows (2b79ff9b522ca1a644ae56ecac78691d)] -> id: gender-female]
2023-12-17 20:12:49 INFO  RegisterPage :137 - Enter first name :Michel in first name field [[ChromeDriver: chrome on windows (2b79ff9b522ca1a644ae56ecac78691d)] -> id: FirstName]
2023-12-17 20:12:142 INFO  RegisterPage :142 - Enter last name :jackson in last name field [[ChromeDriver: chrome on windows (2b79ff9b522ca1a644ae56ecac78691d)] -> name: LastName]
2023-12-17 20:12:262 INFO  RegisterPage :148 - Enter day of birthdate :5 in day field [[ChromeDriver: chrome on windows (2b79ff9b522ca1a644ae56ecac78691d)] -> name: DateOfBirthDay]
2023-12-17 20:12:359 INFO  RegisterPage :153 - Enter month of birthdate :May in month field [[ChromeDriver: chrome on windows (2b79ff9b522ca1a644ae56ecac78691d)] -> name: DateOfBirthMonth]
2023-12-17 20:12:456 INFO  RegisterPage :158 - Enter year of birthdate :1995 in year field [[ChromeDriver: chrome on windows (2b79ff9b522ca1a644ae56ecac78691d)] -> name: DateOfBirthYear]
2023-12-17 20:12:561 INFO  RegisterPage :171 - Enter email :michel368121068ncXTtmouse@gmail.com in email field [[ChromeDriver: chrome on windows (2b79ff9b522ca1a644ae56ecac78691d)] -> id: Email]
2023-12-17 20:12:640 INFO  RegisterPage :176 - Enter password :m123456 in password field [[ChromeDriver: chrome on windows (2b79ff9b522ca1a644ae56ecac78691d)] -> id: Password]
2023-12-17 20:12:707 INFO  RegisterPage :181 - Enter confirm password :m123456 in confirm password field [[ChromeDriver: chrome on windows (2b79ff9b522ca1a644ae56ecac78691d)] -> id: ConfirmPassword]
2023-12-17 20:12:239 INFO  RegisterPage :97 - click on register button : [[ChromeDriver: chrome on windows (2b79ff9b522ca1a644ae56ecac78691d)] -> xpath: //button[text()= 'Register']]
2023-12-17 20:12:277 INFO  RegisterPage :186 - Getting registration complete text from : [[ChromeDriver: chrome on windows (2b79ff9b522ca1a644ae56ecac78691d)] -> xpath: //div[text()='Your registration completed']]
2023-12-18 18:12:354 INFO  LoginPage :41 - Getting text from : [[ChromeDriver: chrome on windows (3d0d8572a7abe9702fcf8509d1a3c172)] -> xpath: //h1[contains(text(),'Welcome, Please Sign In!')]]
2023-12-18 18:12:69 INFO  LoginPage :47 - Enter email :ankptl55@gmail.com in email field [[ChromeDriver: chrome on windows (b4475d1236d9064aab4312fbe35b9708)] -> id: Email]
2023-12-18 18:12:160 INFO  LoginPage :52 - Enter password :abc123 in password field [[ChromeDriver: chrome on windows (b4475d1236d9064aab4312fbe35b9708)] -> name: Password]
2023-12-18 18:12:655 INFO  LoginPage :57 - Clicking on Login button : [[ChromeDriver: chrome on windows (b4475d1236d9064aab4312fbe35b9708)] -> xpath: //button[contains(text(),'Log in')]]
2023-12-18 18:12:735 INFO  LoginPage :62 - Getting text from : [[ChromeDriver: chrome on windows (b4475d1236d9064aab4312fbe35b9708)] -> xpath: //h1[contains(text(),'Welcome, Please Sign In!')]]
2023-12-18 18:12:228 INFO  LoginPage :47 - Enter email :ankptl55@gmail.com in email field [[ChromeDriver: chrome on windows (a51e29883a9d8b4482f8e9b9d5379e71)] -> id: Email]
2023-12-18 18:12:335 INFO  LoginPage :52 - Enter password :ankptl55 in password field [[ChromeDriver: chrome on windows (a51e29883a9d8b4482f8e9b9d5379e71)] -> name: Password]
2023-12-18 18:12:50 INFO  LoginPage :57 - Clicking on Login button : [[ChromeDriver: chrome on windows (a51e29883a9d8b4482f8e9b9d5379e71)] -> xpath: //button[contains(text(),'Log in')]]
2023-12-18 18:12:142 INFO  LoginPage :68 - Getting text from : Proxy element for: DefaultElementLocator 'By.xpath: //h1[contains(text(),'Welcome, Please Sign In!')]'
2023-12-18 18:12:885 INFO  LoginPage :47 - Enter email :ankptl55@gmail.com in email field [[ChromeDriver: chrome on windows (0cf55ce0bbe51f745c14731570b32c4a)] -> id: Email]
2023-12-18 18:12:994 INFO  LoginPage :52 - Enter password :ankptl55 in password field [[ChromeDriver: chrome on windows (0cf55ce0bbe51f745c14731570b32c4a)] -> name: Password]
2023-12-18 18:12:739 INFO  LoginPage :57 - Clicking on Login button : [[ChromeDriver: chrome on windows (0cf55ce0bbe51f745c14731570b32c4a)] -> xpath: //button[contains(text(),'Log in')]]
2023-12-18 18:12:537 INFO  LoginPage :74 - Clicking on Logout link : [[ChromeDriver: chrome on windows (0cf55ce0bbe51f745c14731570b32c4a)] -> xpath: (//a[normalize-space()='Log out'])[1]]
2023-12-18 18:12:100 INFO  RegisterPage :97 - click on register button : [[ChromeDriver: chrome on windows (df72c6ce223e6e60d2a7f105a9da0f42)] -> xpath: //button[text()= 'Register']]
2023-12-18 18:12:170 INFO  RegisterPage :102 - Getting error message from : [[ChromeDriver: chrome on windows (df72c6ce223e6e60d2a7f105a9da0f42)] -> id: FirstName-error]
2023-12-18 18:12:249 INFO  RegisterPage :108 - Getting error message from : [[ChromeDriver: chrome on windows (df72c6ce223e6e60d2a7f105a9da0f42)] -> id: LastName-error]
2023-12-18 18:12:287 INFO  RegisterPage :114 - Getting error message from : [[ChromeDriver: chrome on windows (df72c6ce223e6e60d2a7f105a9da0f42)] -> id: Email-error]
2023-12-18 18:12:321 INFO  RegisterPage :120 - Getting error message from : [[ChromeDriver: chrome on windows (df72c6ce223e6e60d2a7f105a9da0f42)] -> id: Password-error]
2023-12-18 18:12:349 INFO  RegisterPage :126 - Getting error message from : [[ChromeDriver: chrome on windows (df72c6ce223e6e60d2a7f105a9da0f42)] -> id: ConfirmPassword-error]
2023-12-18 18:12:926 INFO  RegisterPage :132 - click on radio button : [[ChromeDriver: chrome on windows (8f378adb5aada0b3fed7c45a6ce0f808)] -> id: gender-female]
2023-12-18 18:12:54 INFO  RegisterPage :137 - Enter first name :Michel in first name field [[ChromeDriver: chrome on windows (8f378adb5aada0b3fed7c45a6ce0f808)] -> id: FirstName]
2023-12-18 18:12:187 INFO  RegisterPage :142 - Enter last name :jackson in last name field [[ChromeDriver: chrome on windows (8f378adb5aada0b3fed7c45a6ce0f808)] -> name: LastName]
2023-12-18 18:12:328 INFO  RegisterPage :148 - Enter day of birthdate :5 in day field [[ChromeDriver: chrome on windows (8f378adb5aada0b3fed7c45a6ce0f808)] -> name: DateOfBirthDay]
2023-12-18 18:12:452 INFO  RegisterPage :153 - Enter month of birthdate :May in month field [[ChromeDriver: chrome on windows (8f378adb5aada0b3fed7c45a6ce0f808)] -> name: DateOfBirthMonth]
2023-12-18 18:12:602 INFO  RegisterPage :158 - Enter year of birthdate :1995 in year field [[ChromeDriver: chrome on windows (8f378adb5aada0b3fed7c45a6ce0f808)] -> name: DateOfBirthYear]
2023-12-18 18:12:753 INFO  RegisterPage :171 - Enter email :michel3681210684gHxgmouse@gmail.com in email field [[ChromeDriver: chrome on windows (8f378adb5aada0b3fed7c45a6ce0f808)] -> id: Email]
2023-12-18 18:12:839 INFO  RegisterPage :176 - Enter password :m123456 in password field [[ChromeDriver: chrome on windows (8f378adb5aada0b3fed7c45a6ce0f808)] -> id: Password]
2023-12-18 18:12:926 INFO  RegisterPage :181 - Enter confirm password :m123456 in confirm password field [[ChromeDriver: chrome on windows (8f378adb5aada0b3fed7c45a6ce0f808)] -> id: ConfirmPassword]
2023-12-18 18:12:623 INFO  RegisterPage :97 - click on register button : [[ChromeDriver: chrome on windows (8f378adb5aada0b3fed7c45a6ce0f808)] -> xpath: //button[text()= 'Register']]
2023-12-18 18:12:667 INFO  RegisterPage :186 - Getting registration complete text from : [[ChromeDriver: chrome on windows (8f378adb5aada0b3fed7c45a6ce0f808)] -> xpath: //div[text()='Your registration completed']]
