2023-12-17 21:12:435 INFO  StartPage :21 - Clicking on start button : [[ChromeDriver: chrome on windows (dea7938d093ab0f4eb68df3d6b0e3c92)] -> css selector: .gem-c-button.govuk-button.govuk-button--start]
2023-12-17 21:12:562 INFO  SelectNationalityPage :24 - select nationality : Australiafrom drop down menu[[ChromeDriver: chrome on windows (dea7938d093ab0f4eb68df3d6b0e3c92)] -> id: response]
2023-12-17 21:12:762 INFO  SelectNationalityPage :29 - Clicking on continue button : [[ChromeDriver: chrome on windows (dea7938d093ab0f4eb68df3d6b0e3c92)] -> xpath: (//button[normalize-space()='Continue'])[1]]
2023-12-17 21:12:996 INFO  ReasonForTravelPage :33 - Clicking on reason : [[ChromeDriver: chrome on windows (dea7938d093ab0f4eb68df3d6b0e3c92)] -> id: response-0]
2023-12-17 21:12:436 INFO  ReasonForTravelPage :38 - Clicking on continue Button : [[ChromeDriver: chrome on windows (dea7938d093ab0f4eb68df3d6b0e3c92)] -> xpath: //button[normalize-space()='Continue']]
2023-12-17 21:12:483 INFO  ResultPage :28 - Verifying the text: [[ChromeDriver: chrome on windows (dea7938d093ab0f4eb68df3d6b0e3c92)] -> xpath: //h2[normalize-space()='You will not need a visa to come to the UK']]
2023-12-17 21:12:819 INFO  SelectNationalityPage :24 - select nationality : Chilefrom drop down menu[[ChromeDriver: chrome on windows (bddeeb2504b9000218e6da5b81eeee93)] -> id: response]
2023-12-17 21:12:989 INFO  SelectNationalityPage :29 - Clicking on continue button : [[ChromeDriver: chrome on windows (bddeeb2504b9000218e6da5b81eeee93)] -> xpath: (//button[normalize-space()='Continue'])[1]]
2023-12-17 21:12:220 INFO  ReasonForTravelPage :43 - Clicking on reason : [[ChromeDriver: chrome on windows (bddeeb2504b9000218e6da5b81eeee93)] -> id: response-1]
2023-12-17 21:12:393 INFO  ReasonForTravelPage :38 - Clicking on continue Button : [[ChromeDriver: chrome on windows (bddeeb2504b9000218e6da5b81eeee93)] -> xpath: //button[normalize-space()='Continue']]
2023-12-17 21:12:604 INFO  DurationOfStayPage :23 - Clicking on duration : [[ChromeDriver: chrome on windows (bddeeb2504b9000218e6da5b81eeee93)] -> id: response-1]
2023-12-17 21:12:781 INFO  DurationOfStayPage :28 - Clicking on continue Button : [[ChromeDriver: chrome on windows (bddeeb2504b9000218e6da5b81eeee93)] -> xpath: //button[normalize-space()='Continue']]
2023-12-17 21:12:986 INFO  WorkTypePage :24 - Clicking on work : [[ChromeDriver: chrome on windows (bddeeb2504b9000218e6da5b81eeee93)] -> id: response-0]
2023-12-17 21:12:384 INFO  WorkTypePage :29 - Clicking on continue button : [[ChromeDriver: chrome on windows (bddeeb2504b9000218e6da5b81eeee93)] -> xpath: //button[normalize-space()='Continue']]
2023-12-17 21:12:489 INFO  ResultPage :34 - Verifying the result: [[ChromeDriver: chrome on windows (bddeeb2504b9000218e6da5b81eeee93)] -> xpath: //h2[normalize-space()='You need a visa to work in health and care']]
2023-12-17 21:12:06 INFO  SelectNationalityPage :24 - select nationality : Cambodiafrom drop down menu[[ChromeDriver: chrome on windows (2f977a09047b9c4665a4fb73ec6d2b77)] -> id: response]
2023-12-17 21:12:197 INFO  SelectNationalityPage :29 - Clicking on continue button : [[ChromeDriver: chrome on windows (2f977a09047b9c4665a4fb73ec6d2b77)] -> xpath: (//button[normalize-space()='Continue'])[1]]
2023-12-17 21:12:425 INFO  ReasonForTravelPage :49 - Clicking on reason : [[ChromeDriver: chrome on windows (2f977a09047b9c4665a4fb73ec6d2b77)] -> id: response-4]
2023-12-17 21:12:608 INFO  ReasonForTravelPage :38 - Clicking on continue Button : [[ChromeDriver: chrome on windows (2f977a09047b9c4665a4fb73ec6d2b77)] -> xpath: //button[normalize-space()='Continue']]
2023-12-17 21:12:824 INFO  FamilyImmigrationStatusPage :23 - Clicking on yes : [[ChromeDriver: chrome on windows (2f977a09047b9c4665a4fb73ec6d2b77)] -> id: response-0]
2023-12-17 21:12:03 INFO  FamilyImmigrationStatusPage :28 - Clicking on continue button : [[ChromeDriver: chrome on windows (2f977a09047b9c4665a4fb73ec6d2b77)] -> xpath: //button[normalize-space()='Continue']]
2023-12-17 21:12:107 INFO  ResultPage :41 - Verifying the result: [[ChromeDriver: chrome on windows (2f977a09047b9c4665a4fb73ec6d2b77)] -> xpath: //h2[contains(text(),'You’ll need a visa to join your family or partner ')]]
2023-12-17 21:12:727 INFO  StartPage :21 - Clicking on start button : [[ChromeDriver: chrome on windows (ce358418b3880b96f15dfdb390c9ad7b)] -> css selector: .gem-c-button.govuk-button.govuk-button--start]
2023-12-17 21:12:842 INFO  SelectNationalityPage :24 - select nationality : Australiafrom drop down menu[[ChromeDriver: chrome on windows (ce358418b3880b96f15dfdb390c9ad7b)] -> id: response]
2023-12-17 21:12:25 INFO  SelectNationalityPage :29 - Clicking on continue button : [[ChromeDriver: chrome on windows (ce358418b3880b96f15dfdb390c9ad7b)] -> xpath: (//button[normalize-space()='Continue'])[1]]
2023-12-17 21:12:260 INFO  ReasonForTravelPage :33 - Clicking on reason : [[ChromeDriver: chrome on windows (ce358418b3880b96f15dfdb390c9ad7b)] -> id: response-0]
2023-12-17 21:12:474 INFO  ReasonForTravelPage :38 - Clicking on continue Button : [[ChromeDriver: chrome on windows (ce358418b3880b96f15dfdb390c9ad7b)] -> xpath: //button[normalize-space()='Continue']]
2023-12-17 21:12:615 INFO  ResultPage :28 - Verifying the text: [[ChromeDriver: chrome on windows (ce358418b3880b96f15dfdb390c9ad7b)] -> xpath: //h2[normalize-space()='You will not need a visa to come to the UK']]
2023-12-17 21:12:883 INFO  StartPage :21 - Clicking on start button : [[ChromeDriver: chrome on windows (aee9246a4d570e5f573f33bc250faf32)] -> css selector: .gem-c-button.govuk-button.govuk-button--start]
2023-12-17 21:12:996 INFO  SelectNationalityPage :24 - select nationality : Chilefrom drop down menu[[ChromeDriver: chrome on windows (aee9246a4d570e5f573f33bc250faf32)] -> id: response]
2023-12-17 21:12:202 INFO  SelectNationalityPage :29 - Clicking on continue button : [[ChromeDriver: chrome on windows (aee9246a4d570e5f573f33bc250faf32)] -> xpath: (//button[normalize-space()='Continue'])[1]]
2023-12-17 21:12:459 INFO  ReasonForTravelPage :43 - Clicking on reason : [[ChromeDriver: chrome on windows (aee9246a4d570e5f573f33bc250faf32)] -> id: response-1]
2023-12-17 21:12:646 INFO  ReasonForTravelPage :38 - Clicking on continue Button : [[ChromeDriver: chrome on windows (aee9246a4d570e5f573f33bc250faf32)] -> xpath: //button[normalize-space()='Continue']]
2023-12-17 21:12:849 INFO  DurationOfStayPage :23 - Clicking on duration : [[ChromeDriver: chrome on windows (aee9246a4d570e5f573f33bc250faf32)] -> id: response-1]
2023-12-17 21:12:31 INFO  DurationOfStayPage :28 - Clicking on continue Button : [[ChromeDriver: chrome on windows (aee9246a4d570e5f573f33bc250faf32)] -> xpath: //button[normalize-space()='Continue']]
2023-12-17 21:12:258 INFO  WorkTypePage :24 - Clicking on work : [[ChromeDriver: chrome on windows (aee9246a4d570e5f573f33bc250faf32)] -> id: response-0]
2023-12-17 21:12:481 INFO  WorkTypePage :29 - Clicking on continue button : [[ChromeDriver: chrome on windows (aee9246a4d570e5f573f33bc250faf32)] -> xpath: //button[normalize-space()='Continue']]
2023-12-17 21:12:606 INFO  ResultPage :34 - Verifying the result: [[ChromeDriver: chrome on windows (aee9246a4d570e5f573f33bc250faf32)] -> xpath: //h2[normalize-space()='You need a visa to work in health and care']]
2023-12-17 21:12:925 INFO  StartPage :21 - Clicking on start button : [[ChromeDriver: chrome on windows (5077c3605939983fc72498038f1a0604)] -> css selector: .gem-c-button.govuk-button.govuk-button--start]
2023-12-17 21:12:31 INFO  SelectNationalityPage :24 - select nationality : Cambodiafrom drop down menu[[ChromeDriver: chrome on windows (5077c3605939983fc72498038f1a0604)] -> id: response]
2023-12-17 21:12:229 INFO  SelectNationalityPage :29 - Clicking on continue button : [[ChromeDriver: chrome on windows (5077c3605939983fc72498038f1a0604)] -> xpath: (//button[normalize-space()='Continue'])[1]]
2023-12-17 21:12:468 INFO  ReasonForTravelPage :49 - Clicking on reason : [[ChromeDriver: chrome on windows (5077c3605939983fc72498038f1a0604)] -> id: response-4]
2023-12-17 21:12:731 INFO  ReasonForTravelPage :38 - Clicking on continue Button : [[ChromeDriver: chrome on windows (5077c3605939983fc72498038f1a0604)] -> xpath: //button[normalize-space()='Continue']]
2023-12-17 21:12:965 INFO  FamilyImmigrationStatusPage :23 - Clicking on yes : [[ChromeDriver: chrome on windows (5077c3605939983fc72498038f1a0604)] -> id: response-0]
2023-12-17 21:12:166 INFO  FamilyImmigrationStatusPage :28 - Clicking on continue button : [[ChromeDriver: chrome on windows (5077c3605939983fc72498038f1a0604)] -> xpath: //button[normalize-space()='Continue']]
2023-12-17 21:12:276 INFO  ResultPage :41 - Verifying the result: [[ChromeDriver: chrome on windows (5077c3605939983fc72498038f1a0604)] -> xpath: //h2[contains(text(),'You’ll need a visa to join your family or partner ')]]
2023-12-17 21:12:645 INFO  StartPage :21 - Clicking on start button : [[ChromeDriver: chrome on windows (f9110bf7d8192b5e0c7475b2ffd116e9)] -> css selector: .gem-c-button.govuk-button.govuk-button--start]
2023-12-17 21:12:788 INFO  SelectNationalityPage :24 - select nationality : Australiafrom drop down menu[[ChromeDriver: chrome on windows (f9110bf7d8192b5e0c7475b2ffd116e9)] -> id: response]
2023-12-17 21:12:967 INFO  SelectNationalityPage :29 - Clicking on continue button : [[ChromeDriver: chrome on windows (f9110bf7d8192b5e0c7475b2ffd116e9)] -> xpath: (//button[normalize-space()='Continue'])[1]]
2023-12-17 21:12:205 INFO  ReasonForTravelPage :33 - Clicking on reason : [[ChromeDriver: chrome on windows (f9110bf7d8192b5e0c7475b2ffd116e9)] -> id: response-0]
2023-12-17 21:12:417 INFO  ReasonForTravelPage :38 - Clicking on continue Button : [[ChromeDriver: chrome on windows (f9110bf7d8192b5e0c7475b2ffd116e9)] -> xpath: //button[normalize-space()='Continue']]
2023-12-17 21:12:546 INFO  ResultPage :28 - Verifying the text: [[ChromeDriver: chrome on windows (f9110bf7d8192b5e0c7475b2ffd116e9)] -> xpath: //h2[normalize-space()='You will not need a visa to come to the UK']]
2023-12-17 22:12:330 INFO  StartPage :21 - Clicking on start button : [[ChromeDriver: chrome on windows (c590760175073b5039f7cd5a69c47e0a)] -> css selector: .gem-c-button.govuk-button.govuk-button--start]
2023-12-17 22:12:472 INFO  SelectNationalityPage :24 - select nationality : Australiafrom drop down menu[[ChromeDriver: chrome on windows (c590760175073b5039f7cd5a69c47e0a)] -> id: response]
2023-12-17 22:12:660 INFO  SelectNationalityPage :29 - Clicking on continue button : [[ChromeDriver: chrome on windows (c590760175073b5039f7cd5a69c47e0a)] -> xpath: (//button[normalize-space()='Continue'])[1]]
2023-12-17 22:12:878 INFO  ReasonForTravelPage :33 - Clicking on reason : [[ChromeDriver: chrome on windows (c590760175073b5039f7cd5a69c47e0a)] -> id: response-0]
2023-12-17 22:12:121 INFO  ReasonForTravelPage :38 - Clicking on continue Button : [[ChromeDriver: chrome on windows (c590760175073b5039f7cd5a69c47e0a)] -> xpath: //button[normalize-space()='Continue']]
2023-12-17 22:12:223 INFO  ResultPage :28 - Verifying the text: [[ChromeDriver: chrome on windows (c590760175073b5039f7cd5a69c47e0a)] -> xpath: //h2[normalize-space()='You will not need a visa to come to the UK']]
2023-12-17 22:12:537 INFO  StartPage :21 - Clicking on start button : [[ChromeDriver: chrome on windows (4cc4326985527c9bb5ea25356005ecc9)] -> css selector: .gem-c-button.govuk-button.govuk-button--start]
2023-12-17 22:12:689 INFO  SelectNationalityPage :24 - select nationality : Chilefrom drop down menu[[ChromeDriver: chrome on windows (4cc4326985527c9bb5ea25356005ecc9)] -> id: response]
2023-12-17 22:12:927 INFO  SelectNationalityPage :29 - Clicking on continue button : [[ChromeDriver: chrome on windows (4cc4326985527c9bb5ea25356005ecc9)] -> xpath: (//button[normalize-space()='Continue'])[1]]
2023-12-17 22:12:181 INFO  ReasonForTravelPage :43 - Clicking on reason : [[ChromeDriver: chrome on windows (4cc4326985527c9bb5ea25356005ecc9)] -> id: response-1]
2023-12-17 22:12:428 INFO  ReasonForTravelPage :38 - Clicking on continue Button : [[ChromeDriver: chrome on windows (4cc4326985527c9bb5ea25356005ecc9)] -> xpath: //button[normalize-space()='Continue']]
2023-12-17 22:12:673 INFO  DurationOfStayPage :23 - Clicking on duration : [[ChromeDriver: chrome on windows (4cc4326985527c9bb5ea25356005ecc9)] -> id: response-1]
2023-12-17 22:12:939 INFO  DurationOfStayPage :28 - Clicking on continue Button : [[ChromeDriver: chrome on windows (4cc4326985527c9bb5ea25356005ecc9)] -> xpath: //button[normalize-space()='Continue']]
2023-12-17 22:12:175 INFO  WorkTypePage :24 - Clicking on work : [[ChromeDriver: chrome on windows (4cc4326985527c9bb5ea25356005ecc9)] -> id: response-0]
2023-12-17 22:12:446 INFO  WorkTypePage :29 - Clicking on continue button : [[ChromeDriver: chrome on windows (4cc4326985527c9bb5ea25356005ecc9)] -> xpath: //button[normalize-space()='Continue']]
2023-12-17 22:12:597 INFO  ResultPage :34 - Verifying the result: [[ChromeDriver: chrome on windows (4cc4326985527c9bb5ea25356005ecc9)] -> xpath: //h2[normalize-space()='You need a visa to work in health and care']]
2023-12-17 22:12:893 INFO  StartPage :21 - Clicking on start button : [[ChromeDriver: chrome on windows (699f1115dad50eec2e00c93d969cf443)] -> css selector: .gem-c-button.govuk-button.govuk-button--start]
2023-12-17 22:12:12 INFO  SelectNationalityPage :24 - select nationality : Cambodiafrom drop down menu[[ChromeDriver: chrome on windows (699f1115dad50eec2e00c93d969cf443)] -> id: response]
2023-12-17 22:12:211 INFO  SelectNationalityPage :29 - Clicking on continue button : [[ChromeDriver: chrome on windows (699f1115dad50eec2e00c93d969cf443)] -> xpath: (//button[normalize-space()='Continue'])[1]]
2023-12-17 22:12:446 INFO  ReasonForTravelPage :49 - Clicking on reason : [[ChromeDriver: chrome on windows (699f1115dad50eec2e00c93d969cf443)] -> id: response-4]
2023-12-17 22:12:638 INFO  ReasonForTravelPage :38 - Clicking on continue Button : [[ChromeDriver: chrome on windows (699f1115dad50eec2e00c93d969cf443)] -> xpath: //button[normalize-space()='Continue']]
2023-12-17 22:12:875 INFO  FamilyImmigrationStatusPage :23 - Clicking on yes : [[ChromeDriver: chrome on windows (699f1115dad50eec2e00c93d969cf443)] -> id: response-0]
2023-12-17 22:12:155 INFO  FamilyImmigrationStatusPage :28 - Clicking on continue button : [[ChromeDriver: chrome on windows (699f1115dad50eec2e00c93d969cf443)] -> xpath: //button[normalize-space()='Continue']]
2023-12-17 22:12:205 INFO  ResultPage :41 - Verifying the result: [[ChromeDriver: chrome on windows (699f1115dad50eec2e00c93d969cf443)] -> xpath: //h2[contains(text(),'You’ll need a visa to join your family or partner ')]]
2023-12-17 22:12:812 INFO  StartPage :21 - Clicking on start button : [[ChromeDriver: chrome on windows (43d706e39c852248564c303bdf67e29e)] -> css selector: .gem-c-button.govuk-button.govuk-button--start]
2023-12-17 22:12:435 INFO  StartPage :21 - Clicking on start button : [[ChromeDriver: chrome on windows (b6b5ed724fb779905bcb7df421bc52c1)] -> css selector: .gem-c-button.govuk-button.govuk-button--start]
2023-12-17 22:12:166 INFO  StartPage :21 - Clicking on start button : [[ChromeDriver: chrome on windows (a3be55b118ece1eb36f5f4a7905a7968)] -> css selector: .gem-c-button.govuk-button.govuk-button--start]
2023-12-17 22:12:368 INFO  SelectNationalityPage :24 - select nationality : Australiafrom drop down menu[[ChromeDriver: chrome on windows (a3be55b118ece1eb36f5f4a7905a7968)] -> id: response]
2023-12-17 22:12:604 INFO  SelectNationalityPage :29 - Clicking on continue button : [[ChromeDriver: chrome on windows (a3be55b118ece1eb36f5f4a7905a7968)] -> xpath: (//button[normalize-space()='Continue'])[1]]
2023-12-17 22:12:835 INFO  ReasonForTravelPage :33 - Clicking on reason : [[ChromeDriver: chrome on windows (a3be55b118ece1eb36f5f4a7905a7968)] -> id: response-0]
2023-12-17 22:12:27 INFO  ReasonForTravelPage :38 - Clicking on continue Button : [[ChromeDriver: chrome on windows (a3be55b118ece1eb36f5f4a7905a7968)] -> xpath: //button[normalize-space()='Continue']]
2023-12-17 22:12:133 INFO  ResultPage :28 - Verifying the text: [[ChromeDriver: chrome on windows (a3be55b118ece1eb36f5f4a7905a7968)] -> xpath: //h2[normalize-space()='You will not need a visa to come to the UK']]
2023-12-17 22:12:438 INFO  StartPage :21 - Clicking on start button : [[ChromeDriver: chrome on windows (54548b03ca3ecd5e9d6e1ef53c8f9eab)] -> css selector: .gem-c-button.govuk-button.govuk-button--start]
2023-12-17 22:12:558 INFO  SelectNationalityPage :24 - select nationality : Chilefrom drop down menu[[ChromeDriver: chrome on windows (54548b03ca3ecd5e9d6e1ef53c8f9eab)] -> id: response]
2023-12-17 22:12:736 INFO  SelectNationalityPage :29 - Clicking on continue button : [[ChromeDriver: chrome on windows (54548b03ca3ecd5e9d6e1ef53c8f9eab)] -> xpath: (//button[normalize-space()='Continue'])[1]]
2023-12-17 22:12:961 INFO  ReasonForTravelPage :43 - Clicking on reason : [[ChromeDriver: chrome on windows (54548b03ca3ecd5e9d6e1ef53c8f9eab)] -> id: response-1]
2023-12-17 22:12:165 INFO  ReasonForTravelPage :38 - Clicking on continue Button : [[ChromeDriver: chrome on windows (54548b03ca3ecd5e9d6e1ef53c8f9eab)] -> xpath: //button[normalize-space()='Continue']]
2023-12-17 22:12:374 INFO  DurationOfStayPage :23 - Clicking on duration : [[ChromeDriver: chrome on windows (54548b03ca3ecd5e9d6e1ef53c8f9eab)] -> id: response-1]
2023-12-17 22:12:611 INFO  DurationOfStayPage :28 - Clicking on continue Button : [[ChromeDriver: chrome on windows (54548b03ca3ecd5e9d6e1ef53c8f9eab)] -> xpath: //button[normalize-space()='Continue']]
2023-12-17 22:12:765 INFO  WorkTypePage :24 - Clicking on work : [[ChromeDriver: chrome on windows (54548b03ca3ecd5e9d6e1ef53c8f9eab)] -> id: response-0]
2023-12-17 22:12:00 INFO  WorkTypePage :29 - Clicking on continue button : [[ChromeDriver: chrome on windows (54548b03ca3ecd5e9d6e1ef53c8f9eab)] -> xpath: //button[normalize-space()='Continue']]
2023-12-17 22:12:119 INFO  ResultPage :34 - Verifying the result: [[ChromeDriver: chrome on windows (54548b03ca3ecd5e9d6e1ef53c8f9eab)] -> xpath: //h2[normalize-space()='You need a visa to work in health and care']]
2023-12-17 22:12:247 INFO  StartPage :21 - Clicking on start button : [[ChromeDriver: chrome on windows (101d73123c0392c9315b939a1c3a319a)] -> css selector: .gem-c-button.govuk-button.govuk-button--start]
2023-12-17 22:12:351 INFO  SelectNationalityPage :24 - select nationality : Cambodiafrom drop down menu[[ChromeDriver: chrome on windows (101d73123c0392c9315b939a1c3a319a)] -> id: response]
2023-12-17 22:12:547 INFO  SelectNationalityPage :29 - Clicking on continue button : [[ChromeDriver: chrome on windows (101d73123c0392c9315b939a1c3a319a)] -> xpath: (//button[normalize-space()='Continue'])[1]]
2023-12-17 22:12:781 INFO  ReasonForTravelPage :49 - Clicking on reason : [[ChromeDriver: chrome on windows (101d73123c0392c9315b939a1c3a319a)] -> id: response-4]
2023-12-17 22:12:990 INFO  ReasonForTravelPage :38 - Clicking on continue Button : [[ChromeDriver: chrome on windows (101d73123c0392c9315b939a1c3a319a)] -> xpath: //button[normalize-space()='Continue']]
2023-12-17 22:12:208 INFO  FamilyImmigrationStatusPage :23 - Clicking on yes : [[ChromeDriver: chrome on windows (101d73123c0392c9315b939a1c3a319a)] -> id: response-0]
2023-12-17 22:12:471 INFO  FamilyImmigrationStatusPage :28 - Clicking on continue button : [[ChromeDriver: chrome on windows (101d73123c0392c9315b939a1c3a319a)] -> xpath: //button[normalize-space()='Continue']]
2023-12-17 22:12:514 INFO  ResultPage :41 - Verifying the result: [[ChromeDriver: chrome on windows (101d73123c0392c9315b939a1c3a319a)] -> xpath: //h2[contains(text(),'You’ll need a visa to join your family or partner ')]]
2023-12-17 22:12:56 INFO  StartPage :21 - Clicking on start button : [[ChromeDriver: chrome on windows (63a013a9d76be0ecfedd0fd8cd1247c9)] -> css selector: .gem-c-button.govuk-button.govuk-button--start]
2023-12-17 22:12:961 INFO  StartPage :21 - Clicking on start button : [[ChromeDriver: chrome on windows (0e8709dbad673ddfb694d7043aa3d749)] -> css selector: .gem-c-button.govuk-button.govuk-button--start]
2023-12-17 22:12:93 INFO  SelectNationalityPage :24 - select nationality : Australiafrom drop down menu[[ChromeDriver: chrome on windows (0e8709dbad673ddfb694d7043aa3d749)] -> id: response]
2023-12-17 22:12:283 INFO  SelectNationalityPage :29 - Clicking on continue button : [[ChromeDriver: chrome on windows (0e8709dbad673ddfb694d7043aa3d749)] -> xpath: (//button[normalize-space()='Continue'])[1]]
2023-12-17 22:12:515 INFO  ReasonForTravelPage :33 - Clicking on reason : [[ChromeDriver: chrome on windows (0e8709dbad673ddfb694d7043aa3d749)] -> id: response-0]
2023-12-17 22:12:729 INFO  ReasonForTravelPage :38 - Clicking on continue Button : [[ChromeDriver: chrome on windows (0e8709dbad673ddfb694d7043aa3d749)] -> xpath: //button[normalize-space()='Continue']]
2023-12-17 22:12:869 INFO  ResultPage :28 - Verifying the text: [[ChromeDriver: chrome on windows (0e8709dbad673ddfb694d7043aa3d749)] -> xpath: //h2[normalize-space()='You will not need a visa to come to the UK']]
2023-12-17 22:12:121 INFO  StartPage :21 - Clicking on start button : [[ChromeDriver: chrome on windows (5825edee44c4179a67da2fb519d13249)] -> css selector: .gem-c-button.govuk-button.govuk-button--start]
2023-12-17 22:12:227 INFO  SelectNationalityPage :24 - select nationality : Chilefrom drop down menu[[ChromeDriver: chrome on windows (5825edee44c4179a67da2fb519d13249)] -> id: response]
2023-12-17 22:12:428 INFO  SelectNationalityPage :29 - Clicking on continue button : [[ChromeDriver: chrome on windows (5825edee44c4179a67da2fb519d13249)] -> xpath: (//button[normalize-space()='Continue'])[1]]
2023-12-17 22:12:653 INFO  ReasonForTravelPage :43 - Clicking on reason : [[ChromeDriver: chrome on windows (5825edee44c4179a67da2fb519d13249)] -> id: response-1]
2023-12-17 22:12:844 INFO  ReasonForTravelPage :38 - Clicking on continue Button : [[ChromeDriver: chrome on windows (5825edee44c4179a67da2fb519d13249)] -> xpath: //button[normalize-space()='Continue']]
2023-12-17 22:12:69 INFO  DurationOfStayPage :23 - Clicking on duration : [[ChromeDriver: chrome on windows (5825edee44c4179a67da2fb519d13249)] -> id: response-1]
2023-12-17 22:12:245 INFO  DurationOfStayPage :28 - Clicking on continue Button : [[ChromeDriver: chrome on windows (5825edee44c4179a67da2fb519d13249)] -> xpath: //button[normalize-space()='Continue']]
2023-12-17 22:12:474 INFO  WorkTypePage :24 - Clicking on work : [[ChromeDriver: chrome on windows (5825edee44c4179a67da2fb519d13249)] -> id: response-0]
2023-12-17 22:12:686 INFO  WorkTypePage :29 - Clicking on continue button : [[ChromeDriver: chrome on windows (5825edee44c4179a67da2fb519d13249)] -> xpath: //button[normalize-space()='Continue']]
2023-12-17 22:12:818 INFO  ResultPage :34 - Verifying the result: [[ChromeDriver: chrome on windows (5825edee44c4179a67da2fb519d13249)] -> xpath: //h2[normalize-space()='You need a visa to work in health and care']]
2023-12-17 22:12:153 INFO  StartPage :21 - Clicking on start button : [[ChromeDriver: chrome on windows (20353fd04ed437a1c46390085657205d)] -> css selector: .gem-c-button.govuk-button.govuk-button--start]
2023-12-17 22:12:267 INFO  SelectNationalityPage :24 - select nationality : Cambodiafrom drop down menu[[ChromeDriver: chrome on windows (20353fd04ed437a1c46390085657205d)] -> id: response]
2023-12-17 22:12:492 INFO  SelectNationalityPage :29 - Clicking on continue button : [[ChromeDriver: chrome on windows (20353fd04ed437a1c46390085657205d)] -> xpath: (//button[normalize-space()='Continue'])[1]]
2023-12-17 22:12:725 INFO  ReasonForTravelPage :49 - Clicking on reason : [[ChromeDriver: chrome on windows (20353fd04ed437a1c46390085657205d)] -> id: response-4]
2023-12-17 22:12:911 INFO  ReasonForTravelPage :38 - Clicking on continue Button : [[ChromeDriver: chrome on windows (20353fd04ed437a1c46390085657205d)] -> xpath: //button[normalize-space()='Continue']]
2023-12-17 22:12:136 INFO  FamilyImmigrationStatusPage :23 - Clicking on yes : [[ChromeDriver: chrome on windows (20353fd04ed437a1c46390085657205d)] -> id: response-0]
2023-12-17 22:12:335 INFO  FamilyImmigrationStatusPage :28 - Clicking on continue button : [[ChromeDriver: chrome on windows (20353fd04ed437a1c46390085657205d)] -> xpath: //button[normalize-space()='Continue']]
2023-12-17 22:12:441 INFO  ResultPage :41 - Verifying the result: [[ChromeDriver: chrome on windows (20353fd04ed437a1c46390085657205d)] -> xpath: //h2[contains(text(),'You’ll need a visa to join your family or partner ')]]
2023-12-18 18:12:288 INFO  StartPage :21 - Clicking on start button : [[ChromeDriver: chrome on windows (ce57406f4a4c95cfaafdd5cf1b1df9b8)] -> css selector: .gem-c-button.govuk-button.govuk-button--start]
2023-12-18 18:12:198 INFO  StartPage :21 - Clicking on start button : [[ChromeDriver: chrome on windows (3d2456b747132c21dec6c68016cd5657)] -> css selector: .gem-c-button.govuk-button.govuk-button--start]
2023-12-18 18:12:369 INFO  SelectNationalityPage :24 - select nationality : Australiafrom drop down menu[[ChromeDriver: chrome on windows (3d2456b747132c21dec6c68016cd5657)] -> id: response]
2023-12-18 18:12:599 INFO  SelectNationalityPage :29 - Clicking on continue button : [[ChromeDriver: chrome on windows (3d2456b747132c21dec6c68016cd5657)] -> xpath: (//button[normalize-space()='Continue'])[1]]
2023-12-18 18:12:831 INFO  ReasonForTravelPage :33 - Clicking on reason : [[ChromeDriver: chrome on windows (3d2456b747132c21dec6c68016cd5657)] -> id: response-0]
2023-12-18 18:12:232 INFO  ReasonForTravelPage :38 - Clicking on continue Button : [[ChromeDriver: chrome on windows (3d2456b747132c21dec6c68016cd5657)] -> xpath: //button[normalize-space()='Continue']]
2023-12-18 18:12:314 INFO  ResultPage :28 - Verifying the text: [[ChromeDriver: chrome on windows (3d2456b747132c21dec6c68016cd5657)] -> xpath: //h2[normalize-space()='You will not need a visa to come to the UK']]
2023-12-18 18:12:270 INFO  StartPage :21 - Clicking on start button : [[ChromeDriver: chrome on windows (f80d7ed5865ef7d6a9dcbf458858c8e8)] -> css selector: .gem-c-button.govuk-button.govuk-button--start]
2023-12-18 18:12:486 INFO  SelectNationalityPage :24 - select nationality : Chilefrom drop down menu[[ChromeDriver: chrome on windows (f80d7ed5865ef7d6a9dcbf458858c8e8)] -> id: response]
2023-12-18 18:12:709 INFO  SelectNationalityPage :29 - Clicking on continue button : [[ChromeDriver: chrome on windows (f80d7ed5865ef7d6a9dcbf458858c8e8)] -> xpath: (//button[normalize-space()='Continue'])[1]]
2023-12-18 18:12:932 INFO  ReasonForTravelPage :43 - Clicking on reason : [[ChromeDriver: chrome on windows (f80d7ed5865ef7d6a9dcbf458858c8e8)] -> id: response-1]
2023-12-18 18:12:249 INFO  ReasonForTravelPage :38 - Clicking on continue Button : [[ChromeDriver: chrome on windows (f80d7ed5865ef7d6a9dcbf458858c8e8)] -> xpath: //button[normalize-space()='Continue']]
2023-12-18 18:12:428 INFO  DurationOfStayPage :23 - Clicking on duration : [[ChromeDriver: chrome on windows (f80d7ed5865ef7d6a9dcbf458858c8e8)] -> id: response-1]
2023-12-18 18:12:667 INFO  DurationOfStayPage :28 - Clicking on continue Button : [[ChromeDriver: chrome on windows (f80d7ed5865ef7d6a9dcbf458858c8e8)] -> xpath: //button[normalize-space()='Continue']]
2023-12-18 18:12:886 INFO  WorkTypePage :24 - Clicking on work : [[ChromeDriver: chrome on windows (f80d7ed5865ef7d6a9dcbf458858c8e8)] -> id: response-0]
2023-12-18 18:12:107 INFO  WorkTypePage :29 - Clicking on continue button : [[ChromeDriver: chrome on windows (f80d7ed5865ef7d6a9dcbf458858c8e8)] -> xpath: //button[normalize-space()='Continue']]
2023-12-18 18:12:247 INFO  ResultPage :34 - Verifying the result: [[ChromeDriver: chrome on windows (f80d7ed5865ef7d6a9dcbf458858c8e8)] -> xpath: //h2[normalize-space()='You need a visa to work in health and care']]
2023-12-18 18:12:878 INFO  StartPage :21 - Clicking on start button : [[ChromeDriver: chrome on windows (00bc48fc2ed1bfdc3538e91a944bbed3)] -> css selector: .gem-c-button.govuk-button.govuk-button--start]
2023-12-18 18:12:18 INFO  SelectNationalityPage :24 - select nationality : Cambodiafrom drop down menu[[ChromeDriver: chrome on windows (00bc48fc2ed1bfdc3538e91a944bbed3)] -> id: response]
2023-12-18 18:12:251 INFO  SelectNationalityPage :29 - Clicking on continue button : [[ChromeDriver: chrome on windows (00bc48fc2ed1bfdc3538e91a944bbed3)] -> xpath: (//button[normalize-space()='Continue'])[1]]
2023-12-18 18:12:483 INFO  ReasonForTravelPage :49 - Clicking on reason : [[ChromeDriver: chrome on windows (00bc48fc2ed1bfdc3538e91a944bbed3)] -> id: response-4]
2023-12-18 18:12:767 INFO  ReasonForTravelPage :38 - Clicking on continue Button : [[ChromeDriver: chrome on windows (00bc48fc2ed1bfdc3538e91a944bbed3)] -> xpath: //button[normalize-space()='Continue']]
2023-12-18 18:12:945 INFO  FamilyImmigrationStatusPage :23 - Clicking on yes : [[ChromeDriver: chrome on windows (00bc48fc2ed1bfdc3538e91a944bbed3)] -> id: response-0]
2023-12-18 18:12:228 INFO  FamilyImmigrationStatusPage :28 - Clicking on continue button : [[ChromeDriver: chrome on windows (00bc48fc2ed1bfdc3538e91a944bbed3)] -> xpath: //button[normalize-space()='Continue']]
2023-12-18 18:12:276 INFO  ResultPage :41 - Verifying the result: [[ChromeDriver: chrome on windows (00bc48fc2ed1bfdc3538e91a944bbed3)] -> xpath: //h2[contains(text(),'You’ll need a visa to join your family or partner ')]]
