2023-12-18 13:12:25 INFO  HomePage :84 - Clicking on laptop and notebook from : [[ChromeDriver: chrome on windows (128ab1e8edf7c3b38ad932cda2bbbc49)] -> xpath: //a[normalize-space()='Laptops & Notebooks']]
2023-12-18 13:12:651 INFO  HomePage :57 - Select menu from : Show AllLaptops & Notebooks[[ChromeDriver: chrome on windows (128ab1e8edf7c3b38ad932cda2bbbc49)] -> link text: Show AllLaptops & Notebooks]
2023-12-18 13:12:368 INFO  LaptopAndBooksPage :32 - select text : Price (High > Low) from dropdown [[ChromeDriver: chrome on windows (128ab1e8edf7c3b38ad932cda2bbbc49)] -> xpath: (//select[@id='input-sort'])[1]]
2023-12-18 13:12:431 INFO  LaptopAndBooksPage :34 - get array list : [[ChromeDriver: chrome on windows (128ab1e8edf7c3b38ad932cda2bbbc49)] -> xpath: //p[@class ='price']]
2023-12-18 13:12:528 INFO  LaptopAndBooksPage :40 - Get products arrangement in high to low order : [[ChromeDriver: chrome on windows (128ab1e8edf7c3b38ad932cda2bbbc49)] -> xpath: //p[@class ='price']]
2023-12-18 13:12:549 INFO  HomePage :73 - Clicking on desktop from : [[ChromeDriver: chrome on windows (ecbf50dd4d70c1159c196f47ded9c83d)] -> link text: Desktops]
2023-12-18 13:12:694 INFO  HomePage :57 - Select menu from : Show AllDesktops[[ChromeDriver: chrome on windows (ecbf50dd4d70c1159c196f47ded9c83d)] -> link text: Show AllDesktops]
2023-12-18 13:12:380 INFO  DesktopsPage :56 - Select sortBy Name (Z - A) in descending order [[ChromeDriver: chrome on windows (ecbf50dd4d70c1159c196f47ded9c83d)] -> xpath: //select[@id='input-sort']]
2023-12-18 13:12:761 INFO  DesktopsPage :50 - Get elements sorted in reverse order[[ChromeDriver: chrome on windows (ecbf50dd4d70c1159c196f47ded9c83d)] -> xpath: //select[@id='input-sort']]
2023-12-18 13:12:839 INFO  HomePage :116 - Clicking on account link : [[ChromeDriver: chrome on windows (97026dc92052269be357c751359db26d)] -> xpath: //span[normalize-space()='My Account']]
2023-12-18 13:12:807 INFO  MyAccountPage :94 - get array list : Register[[ChromeDriver: chrome on windows (97026dc92052269be357c751359db26d)] -> link text: Register]
2023-12-18 13:12:862 INFO  RegisterPage :62 - Get Register account text : [[ChromeDriver: chrome on windows (97026dc92052269be357c751359db26d)] -> xpath: //h1[normalize-space()='Register Account']]
2023-12-18 13:12:471 INFO  HomePage :73 - Clicking on desktop from : [[ChromeDriver: chrome on windows (9a193d133836816f6e47a905236ad3cd)] -> link text: Desktops]
2023-12-18 13:12:689 INFO  HomePage :57 - Select menu from : Show AllDesktops[[ChromeDriver: chrome on windows (9a193d133836816f6e47a905236ad3cd)] -> link text: Show AllDesktops]
2023-12-18 13:12:758 INFO  HomePage :78 - Clicking on desktop from : [[ChromeDriver: chrome on windows (9a193d133836816f6e47a905236ad3cd)] -> xpath: //h2[contains(text(),'Desktops')]]
2023-12-18 17:12:845 INFO  HomePage :106 - Clicking on dropdown from : [[ChromeDriver: chrome on windows (12c71e6d22ccfc9ff56a440c82e69929)] -> xpath: //button[@class='btn btn-link dropdown-toggle']]
2023-12-18 17:12:705 INFO  HomePage :111 - Clicking on sterling from dropdown : [[ChromeDriver: chrome on windows (12c71e6d22ccfc9ff56a440c82e69929)] -> xpath: (//button[normalize-space()='£Pound Sterling'])[1]]
2023-12-18 17:12:903 INFO  HomePage :73 - Clicking on desktop from : [[ChromeDriver: chrome on windows (12c71e6d22ccfc9ff56a440c82e69929)] -> link text: Desktops]
2023-12-18 17:12:368 INFO  HomePage :57 - Select menu from : Show AllDesktops[[ChromeDriver: chrome on windows (12c71e6d22ccfc9ff56a440c82e69929)] -> link text: Show AllDesktops]
2023-12-18 17:12:973 INFO  DesktopsPage :62 - Select sortBy Name (A - Z) in ascending order [[ChromeDriver: chrome on windows (12c71e6d22ccfc9ff56a440c82e69929)] -> xpath: //select[@id='input-sort']]
2023-12-18 17:12:481 INFO  HomePage :106 - Clicking on dropdown from : [[ChromeDriver: chrome on windows (2a4a6f30994752064a9db9082d3268c1)] -> xpath: //button[@class='btn btn-link dropdown-toggle']]
2023-12-18 17:12:48 INFO  HomePage :106 - Clicking on dropdown from : [[ChromeDriver: chrome on windows (b83c7ace91d264dece6866d2be4bd127)] -> xpath: //button[@class='btn btn-link dropdown-toggle']]
2023-12-18 17:12:944 INFO  HomePage :111 - Clicking on sterling from dropdown : [[ChromeDriver: chrome on windows (b83c7ace91d264dece6866d2be4bd127)] -> xpath: (//button[normalize-space()='£Pound Sterling'])[1]]
2023-12-18 17:12:136 INFO  HomePage :73 - Clicking on desktop from : [[ChromeDriver: chrome on windows (b83c7ace91d264dece6866d2be4bd127)] -> link text: Desktops]
2023-12-18 17:12:253 INFO  HomePage :57 - Select menu from : Show AllDesktops[[ChromeDriver: chrome on windows (b83c7ace91d264dece6866d2be4bd127)] -> link text: Show AllDesktops]
2023-12-18 17:12:836 INFO  DesktopsPage :62 - Select sortBy Name (A - Z) in ascending order [[ChromeDriver: chrome on windows (b83c7ace91d264dece6866d2be4bd127)] -> xpath: //select[@id='input-sort']]
2023-12-18 18:12:215 INFO  HomePage :84 - Clicking on laptop and notebook from : [[ChromeDriver: chrome on windows (c68ac00c58941e7cc64ea050718c14a8)] -> xpath: //a[normalize-space()='Laptops & Notebooks']]
2023-12-18 18:12:166 INFO  HomePage :57 - Select menu from : Show AllLaptops & Notebooks[[ChromeDriver: chrome on windows (c68ac00c58941e7cc64ea050718c14a8)] -> link text: Show AllLaptops & Notebooks]
2023-12-18 18:12:112 INFO  LaptopAndBooksPage :32 - select text : Price (High > Low) from dropdown [[ChromeDriver: chrome on windows (c68ac00c58941e7cc64ea050718c14a8)] -> xpath: (//select[@id='input-sort'])[1]]
2023-12-18 18:12:177 INFO  LaptopAndBooksPage :34 - get array list : [[ChromeDriver: chrome on windows (c68ac00c58941e7cc64ea050718c14a8)] -> xpath: //p[@class ='price']]
2023-12-18 18:12:277 INFO  LaptopAndBooksPage :40 - Get products arrangement in high to low order : [[ChromeDriver: chrome on windows (c68ac00c58941e7cc64ea050718c14a8)] -> xpath: //p[@class ='price']]
2023-12-18 18:12:743 INFO  HomePage :106 - Clicking on dropdown from : [[ChromeDriver: chrome on windows (1fc0a30bc01b1c613a0997364998f512)] -> xpath: //button[@class='btn btn-link dropdown-toggle']]
2023-12-18 18:12:640 INFO  HomePage :111 - Clicking on sterling from dropdown : [[ChromeDriver: chrome on windows (1fc0a30bc01b1c613a0997364998f512)] -> xpath: (//button[normalize-space()='£Pound Sterling'])[1]]
2023-12-18 18:12:875 INFO  HomePage :84 - Clicking on laptop and notebook from : [[ChromeDriver: chrome on windows (1fc0a30bc01b1c613a0997364998f512)] -> xpath: //a[normalize-space()='Laptops & Notebooks']]
2023-12-18 18:12:903 INFO  HomePage :57 - Select menu from : Show AllLaptops & Notebooks[[ChromeDriver: chrome on windows (1fc0a30bc01b1c613a0997364998f512)] -> link text: Show AllLaptops & Notebooks]
2023-12-18 18:12:119 INFO  LaptopAndBooksPage :32 - select text : Price (High > Low) from dropdown [[ChromeDriver: chrome on windows (1fc0a30bc01b1c613a0997364998f512)] -> xpath: (//select[@id='input-sort'])[1]]
2023-12-18 18:12:159 INFO  LaptopAndBooksPage :34 - get array list : [[ChromeDriver: chrome on windows (1fc0a30bc01b1c613a0997364998f512)] -> xpath: //p[@class ='price']]
2023-12-18 18:12:792 INFO  LaptopAndBooksPage :51 - Clicking on product from : [[ChromeDriver: chrome on windows (1fc0a30bc01b1c613a0997364998f512)] -> link text: MacBook]
2023-12-18 18:12:904 INFO  MacBookPage :31 - Get Mac Book text : [[ChromeDriver: chrome on windows (1fc0a30bc01b1c613a0997364998f512)] -> xpath: //h1[normalize-space()='MacBook']]
2023-12-18 18:12:17 INFO  MacBookPage :37 - Clicking on add to cart from : [[ChromeDriver: chrome on windows (1fc0a30bc01b1c613a0997364998f512)] -> xpath: //button[@id='button-cart']]
2023-12-18 18:12:383 INFO  MacBookPage :42 - Get adding cart successfully message : [[ChromeDriver: chrome on windows (1fc0a30bc01b1c613a0997364998f512)] -> xpath: //div[@class='alert alert-success alert-dismissible']]
2023-12-18 18:12:937 INFO  MacBookPage :48 - Clicking on shopping cart link : [[ChromeDriver: chrome on windows (1fc0a30bc01b1c613a0997364998f512)] -> xpath: //a[normalize-space()='shopping cart']]
2023-12-18 18:12:13 INFO  ShoppingCartPage :74 - Get Shopping cart text : [[ChromeDriver: chrome on windows (1fc0a30bc01b1c613a0997364998f512)] -> xpath: //h1[contains(text(),'Shopping Cart')]]
2023-12-18 18:12:77 INFO  ShoppingCartPage :104 - Get product name : [[ChromeDriver: chrome on windows (1fc0a30bc01b1c613a0997364998f512)] -> xpath: (//a[contains(text(),'MacBook')])[2]]
2023-12-18 18:12:244 INFO  ShoppingCartPage :110 - Clear text : [[ChromeDriver: chrome on windows (1fc0a30bc01b1c613a0997364998f512)] -> xpath: //input[@class='form-control']]
2023-12-18 18:12:302 INFO  ShoppingCartPage :115 - Enter qty : 2 in qty box [[ChromeDriver: chrome on windows (1fc0a30bc01b1c613a0997364998f512)] -> xpath: //input[@class='form-control']]
2023-12-18 18:12:29 INFO  ShoppingCartPage :120 - Clicking on update the box button : [[ChromeDriver: chrome on windows (1fc0a30bc01b1c613a0997364998f512)] -> xpath: (//button[@type='submit'])[1]]
2023-12-18 18:12:85 INFO  ShoppingCartPage :125 - Get success message : [[ChromeDriver: chrome on windows (1fc0a30bc01b1c613a0997364998f512)] -> xpath: //div[@class='alert alert-success alert-dismissible']]
2023-12-18 18:12:144 INFO  ShoppingCartPage :131 - Get total price : [[ChromeDriver: chrome on windows (1fc0a30bc01b1c613a0997364998f512)] -> xpath: (//td[contains(text(),'£737.45')])[3]]
2023-12-18 18:12:665 INFO  ShoppingCartPage :137 - Clicking check out button : [[ChromeDriver: chrome on windows (1fc0a30bc01b1c613a0997364998f512)] -> xpath: //a[@class='btn btn-primary']]
2023-12-18 18:12:716 INFO  CheckOutPage :88 - Get checkout text from : [[ChromeDriver: chrome on windows (1fc0a30bc01b1c613a0997364998f512)] -> xpath: //h1[normalize-space()='Checkout']]
2023-12-18 18:12:461 INFO  CheckOutPage :94 - Get new customer text from : [[ChromeDriver: chrome on windows (1fc0a30bc01b1c613a0997364998f512)] -> xpath: (//h2[normalize-space()='New Customer'])[1]]
2023-12-18 18:12:536 INFO  CheckOutPage :100 - Clicking on guest checkout button from : [[ChromeDriver: chrome on windows (1fc0a30bc01b1c613a0997364998f512)] -> xpath: //input[@value='guest']]
2023-12-18 18:12:656 INFO  CheckOutPage :105 - Clicking on continue button : [[ChromeDriver: chrome on windows (1fc0a30bc01b1c613a0997364998f512)] -> css selector: #button-account]
2023-12-18 18:12:91 INFO  CheckOutPage :123 - Clicking on continue button : [[ChromeDriver: chrome on windows (1fc0a30bc01b1c613a0997364998f512)] -> xpath: //input[@id='button-guest']]
2023-12-18 18:12:874 INFO  CheckOutPage :129 - Enter comment : Leave my order by door in comment area [[ChromeDriver: chrome on windows (1fc0a30bc01b1c613a0997364998f512)] -> xpath: //textarea[@name='comment']]
2023-12-18 18:12:986 INFO  CheckOutPage :134 - Clicking on terms and condition : [[ChromeDriver: chrome on windows (1fc0a30bc01b1c613a0997364998f512)] -> css selector: input[value='1'][name='agree']]
2023-12-18 18:12:171 INFO  CheckOutPage :139 - Clicking on continue button : [[ChromeDriver: chrome on windows (1fc0a30bc01b1c613a0997364998f512)] -> xpath: //input[@id='button-payment-method']]
2023-12-18 18:12:453 INFO  CheckOutPage :144 - Get warning message for payment method from : [[ChromeDriver: chrome on windows (1fc0a30bc01b1c613a0997364998f512)] -> xpath: //div[@class ='alert alert-danger alert-dismissible']]
2023-12-18 18:12:242 INFO  HomePage :73 - Clicking on desktop from : [[ChromeDriver: chrome on windows (daddcf5fcc14d1c8d28bfd18ef5eccc1)] -> link text: Desktops]
2023-12-18 18:12:439 INFO  HomePage :57 - Select menu from : Show AllDesktops[[ChromeDriver: chrome on windows (daddcf5fcc14d1c8d28bfd18ef5eccc1)] -> link text: Show AllDesktops]
2023-12-18 18:12:300 INFO  DesktopsPage :56 - Select sortBy Name (Z - A) in descending order [[ChromeDriver: chrome on windows (daddcf5fcc14d1c8d28bfd18ef5eccc1)] -> xpath: //select[@id='input-sort']]
2023-12-18 18:12:624 INFO  DesktopsPage :50 - Get elements sorted in reverse order[[ChromeDriver: chrome on windows (daddcf5fcc14d1c8d28bfd18ef5eccc1)] -> xpath: //select[@id='input-sort']]
2023-12-18 18:12:497 INFO  HomePage :106 - Clicking on dropdown from : [[ChromeDriver: chrome on windows (9cc407c3674993bf10400f19464fe7c5)] -> xpath: //button[@class='btn btn-link dropdown-toggle']]
2023-12-18 18:12:719 INFO  HomePage :111 - Clicking on sterling from dropdown : [[ChromeDriver: chrome on windows (9cc407c3674993bf10400f19464fe7c5)] -> xpath: (//button[normalize-space()='£Pound Sterling'])[1]]
2023-12-18 18:12:937 INFO  HomePage :73 - Clicking on desktop from : [[ChromeDriver: chrome on windows (9cc407c3674993bf10400f19464fe7c5)] -> link text: Desktops]
2023-12-18 18:12:806 INFO  HomePage :57 - Select menu from : Show AllDesktops[[ChromeDriver: chrome on windows (9cc407c3674993bf10400f19464fe7c5)] -> link text: Show AllDesktops]
2023-12-18 18:12:477 INFO  DesktopsPage :62 - Select sortBy Name (A - Z) in ascending order [[ChromeDriver: chrome on windows (9cc407c3674993bf10400f19464fe7c5)] -> xpath: //select[@id='input-sort']]
2023-12-18 18:12:778 INFO  HomePage :106 - Clicking on dropdown from : [[ChromeDriver: chrome on windows (097f0daea6ad9acfc7e8373e526ccc38)] -> xpath: //button[@class='btn btn-link dropdown-toggle']]
2023-12-18 18:12:793 INFO  HomePage :111 - Clicking on sterling from dropdown : [[ChromeDriver: chrome on windows (097f0daea6ad9acfc7e8373e526ccc38)] -> xpath: (//button[normalize-space()='£Pound Sterling'])[1]]
2023-12-18 18:12:32 INFO  HomePage :73 - Clicking on desktop from : [[ChromeDriver: chrome on windows (097f0daea6ad9acfc7e8373e526ccc38)] -> link text: Desktops]
2023-12-18 18:12:581 INFO  HomePage :57 - Select menu from : Show AllDesktops[[ChromeDriver: chrome on windows (097f0daea6ad9acfc7e8373e526ccc38)] -> link text: Show AllDesktops]
2023-12-18 18:12:253 INFO  DesktopsPage :62 - Select sortBy Name (A - Z) in ascending order [[ChromeDriver: chrome on windows (097f0daea6ad9acfc7e8373e526ccc38)] -> xpath: //select[@id='input-sort']]
2023-12-18 18:12:703 INFO  HomePage :106 - Clicking on dropdown from : [[ChromeDriver: chrome on windows (b3aa96c447c6699243b9c3288364ad0c)] -> xpath: //button[@class='btn btn-link dropdown-toggle']]
2023-12-18 18:12:793 INFO  HomePage :111 - Clicking on sterling from dropdown : [[ChromeDriver: chrome on windows (b3aa96c447c6699243b9c3288364ad0c)] -> xpath: (//button[normalize-space()='£Pound Sterling'])[1]]
2023-12-18 18:12:15 INFO  HomePage :73 - Clicking on desktop from : [[ChromeDriver: chrome on windows (b3aa96c447c6699243b9c3288364ad0c)] -> link text: Desktops]
2023-12-18 18:12:477 INFO  HomePage :57 - Select menu from : Show AllDesktops[[ChromeDriver: chrome on windows (b3aa96c447c6699243b9c3288364ad0c)] -> link text: Show AllDesktops]
2023-12-18 18:12:123 INFO  DesktopsPage :62 - Select sortBy Name (A - Z) in ascending order [[ChromeDriver: chrome on windows (b3aa96c447c6699243b9c3288364ad0c)] -> xpath: //select[@id='input-sort']]
2023-12-18 18:12:508 INFO  HomePage :106 - Clicking on dropdown from : [[ChromeDriver: chrome on windows (9767cb21fe65e0ab4f3011863353fc1c)] -> xpath: //button[@class='btn btn-link dropdown-toggle']]
2023-12-18 18:12:493 INFO  HomePage :111 - Clicking on sterling from dropdown : [[ChromeDriver: chrome on windows (9767cb21fe65e0ab4f3011863353fc1c)] -> xpath: (//button[normalize-space()='£Pound Sterling'])[1]]
2023-12-18 18:12:725 INFO  HomePage :73 - Clicking on desktop from : [[ChromeDriver: chrome on windows (9767cb21fe65e0ab4f3011863353fc1c)] -> link text: Desktops]
2023-12-18 18:12:250 INFO  HomePage :57 - Select menu from : Show AllDesktops[[ChromeDriver: chrome on windows (9767cb21fe65e0ab4f3011863353fc1c)] -> link text: Show AllDesktops]
2023-12-18 18:12:842 INFO  DesktopsPage :62 - Select sortBy Name (A - Z) in ascending order [[ChromeDriver: chrome on windows (9767cb21fe65e0ab4f3011863353fc1c)] -> xpath: //select[@id='input-sort']]
2023-12-18 18:12:304 INFO  HomePage :106 - Clicking on dropdown from : [[ChromeDriver: chrome on windows (028b1f284a80d0288db7ce4111cefd7d)] -> xpath: //button[@class='btn btn-link dropdown-toggle']]
2023-12-18 18:12:292 INFO  HomePage :111 - Clicking on sterling from dropdown : [[ChromeDriver: chrome on windows (028b1f284a80d0288db7ce4111cefd7d)] -> xpath: (//button[normalize-space()='£Pound Sterling'])[1]]
2023-12-18 18:12:512 INFO  HomePage :73 - Clicking on desktop from : [[ChromeDriver: chrome on windows (028b1f284a80d0288db7ce4111cefd7d)] -> link text: Desktops]
2023-12-18 18:12:950 INFO  HomePage :57 - Select menu from : Show AllDesktops[[ChromeDriver: chrome on windows (028b1f284a80d0288db7ce4111cefd7d)] -> link text: Show AllDesktops]
2023-12-18 18:12:555 INFO  DesktopsPage :62 - Select sortBy Name (A - Z) in ascending order [[ChromeDriver: chrome on windows (028b1f284a80d0288db7ce4111cefd7d)] -> xpath: //select[@id='input-sort']]
2023-12-18 18:12:299 INFO  HomePage :106 - Clicking on dropdown from : [[ChromeDriver: chrome on windows (640062203faab98987793f74ada31fcb)] -> xpath: //button[@class='btn btn-link dropdown-toggle']]
2023-12-18 18:12:461 INFO  HomePage :111 - Clicking on sterling from dropdown : [[ChromeDriver: chrome on windows (640062203faab98987793f74ada31fcb)] -> xpath: (//button[normalize-space()='£Pound Sterling'])[1]]
2023-12-18 18:12:643 INFO  HomePage :73 - Clicking on desktop from : [[ChromeDriver: chrome on windows (640062203faab98987793f74ada31fcb)] -> link text: Desktops]
2023-12-18 18:12:277 INFO  HomePage :57 - Select menu from : Show AllDesktops[[ChromeDriver: chrome on windows (640062203faab98987793f74ada31fcb)] -> link text: Show AllDesktops]
2023-12-18 18:12:202 INFO  DesktopsPage :62 - Select sortBy Name (A - Z) in ascending order [[ChromeDriver: chrome on windows (640062203faab98987793f74ada31fcb)] -> xpath: //select[@id='input-sort']]
2023-12-18 18:12:02 INFO  HomePage :116 - Clicking on account link : [[ChromeDriver: chrome on windows (779f81041085c0e90bf27f59544bef29)] -> xpath: //span[normalize-space()='My Account']]
2023-12-18 18:12:476 INFO  MyAccountPage :94 - get array list : Register[[ChromeDriver: chrome on windows (779f81041085c0e90bf27f59544bef29)] -> link text: Register]
2023-12-18 18:12:566 INFO  RegisterPage :62 - Get Register account text : [[ChromeDriver: chrome on windows (779f81041085c0e90bf27f59544bef29)] -> xpath: //h1[normalize-space()='Register Account']]
2023-12-18 18:12:619 INFO  HomePage :116 - Clicking on account link : [[ChromeDriver: chrome on windows (75c70f2983de15597d2da49113d9203f)] -> xpath: //span[normalize-space()='My Account']]
2023-12-18 18:12:291 INFO  MyAccountPage :94 - get array list : Login[[ChromeDriver: chrome on windows (75c70f2983de15597d2da49113d9203f)] -> link text: Login]
2023-12-18 18:12:354 INFO  RegisterPage :68 - Get Register account text : [[ChromeDriver: chrome on windows (75c70f2983de15597d2da49113d9203f)] -> xpath: //h2[normalize-space()='Returning Customer']]
2023-12-18 18:12:955 INFO  HomePage :116 - Clicking on account link : [[ChromeDriver: chrome on windows (7bcba1e10e026eade4f2c3bfa173f5dd)] -> xpath: //span[normalize-space()='My Account']]
2023-12-18 18:12:235 INFO  MyAccountPage :94 - get array list : Register[[ChromeDriver: chrome on windows (7bcba1e10e026eade4f2c3bfa173f5dd)] -> link text: Register]
2023-12-18 18:12:390 INFO  RegisterPage :74 - Enter First name : Michel in first name field [[ChromeDriver: chrome on windows (7bcba1e10e026eade4f2c3bfa173f5dd)] -> id: input-firstname]
2023-12-18 18:12:543 INFO  RegisterPage :79 - Enter surname : Jackson in last name field [[ChromeDriver: chrome on windows (7bcba1e10e026eade4f2c3bfa173f5dd)] -> id: input-lastname]
2023-12-18 18:12:720 INFO  RegisterPage :86 - Enter email : random-dd9deadf-f765-40b1-9f5b-31d16d6abf81@gmail.com in email field [[ChromeDriver: chrome on windows (7bcba1e10e026eade4f2c3bfa173f5dd)] -> id: input-email]
2023-12-18 18:12:823 INFO  RegisterPage :95 - Enter telephone number : 1234567890 in number field [[ChromeDriver: chrome on windows (7bcba1e10e026eade4f2c3bfa173f5dd)] -> id: input-telephone]
2023-12-18 18:12:951 INFO  RegisterPage :100 - Enter password : 0987654 in password field [[ChromeDriver: chrome on windows (7bcba1e10e026eade4f2c3bfa173f5dd)] -> id: input-password]
2023-12-18 18:12:68 INFO  RegisterPage :105 - Enter confirm password: 0987654 in confirm password field [[ChromeDriver: chrome on windows (7bcba1e10e026eade4f2c3bfa173f5dd)] -> xpath: //input[@id='input-confirm']]
2023-12-18 18:12:125 INFO  RegisterPage :110 - Clicking on subscribe radio button : [[ChromeDriver: chrome on windows (7bcba1e10e026eade4f2c3bfa173f5dd)] -> xpath: //label[normalize-space()='Yes']]
2023-12-18 18:12:190 INFO  RegisterPage :115 - Clicking on privacy box button : [[ChromeDriver: chrome on windows (7bcba1e10e026eade4f2c3bfa173f5dd)] -> css selector: input[value='1'][name='agree']]
2023-12-18 18:12:180 INFO  RegisterPage :120 - Clicking on continue button : [[ChromeDriver: chrome on windows (7bcba1e10e026eade4f2c3bfa173f5dd)] -> xpath: //input[@value='Continue']]
2023-12-18 18:12:227 INFO  MyAccountPage :55 - Get account creation text : [[ChromeDriver: chrome on windows (7bcba1e10e026eade4f2c3bfa173f5dd)] -> xpath: //h1[normalize-space()='Your Account Has Been Created!']]
2023-12-18 18:12:286 INFO  MyAccountPage :61 - Clicking on continue account button : [[ChromeDriver: chrome on windows (7bcba1e10e026eade4f2c3bfa173f5dd)] -> xpath: //h1[normalize-space()='Your Account Has Been Created!']]
2023-12-18 18:12:444 INFO  HomePage :116 - Clicking on account link : [[ChromeDriver: chrome on windows (7bcba1e10e026eade4f2c3bfa173f5dd)] -> xpath: //span[normalize-space()='My Account']]
2023-12-18 18:12:510 INFO  MyAccountPage :94 - get array list : Logout[[ChromeDriver: chrome on windows (7bcba1e10e026eade4f2c3bfa173f5dd)] -> link text: Logout]
2023-12-18 18:12:551 INFO  MyAccountPage :66 - Get account creation text : [[ChromeDriver: chrome on windows (7bcba1e10e026eade4f2c3bfa173f5dd)] -> xpath: //a[normalize-space()='Logout']]
2023-12-18 18:12:32 INFO  MyAccountPage :72 - Clicking on logout button : [[ChromeDriver: chrome on windows (7bcba1e10e026eade4f2c3bfa173f5dd)] -> xpath: //a[normalize-space()='Continue']]
2023-12-18 18:12:871 INFO  HomePage :116 - Clicking on account link : [[ChromeDriver: chrome on windows (49225736d625ccd6f71802d1f0b5d520)] -> xpath: //span[normalize-space()='My Account']]
2023-12-18 18:12:550 INFO  MyAccountPage :94 - get array list : Login[[ChromeDriver: chrome on windows (49225736d625ccd6f71802d1f0b5d520)] -> link text: Login]
2023-12-18 18:12:716 INFO  RegisterPage :86 - Enter email : robert_jackson@gmail.com in email field [[ChromeDriver: chrome on windows (49225736d625ccd6f71802d1f0b5d520)] -> id: input-email]
2023-12-18 18:12:810 INFO  RegisterPage :100 - Enter password : 12345678 in password field [[ChromeDriver: chrome on windows (49225736d625ccd6f71802d1f0b5d520)] -> id: input-password]
2023-12-18 18:12:122 INFO  MyAccountPage :77 - Clicking on login button : [[ChromeDriver: chrome on windows (49225736d625ccd6f71802d1f0b5d520)] -> xpath: //input[@value='Login']]
2023-12-18 18:12:163 INFO  MyAccountPage :82 - Get My Account text : [[ChromeDriver: chrome on windows (49225736d625ccd6f71802d1f0b5d520)] -> xpath: //h2[normalize-space()='My Account']]
2023-12-18 18:12:316 INFO  HomePage :116 - Clicking on account link : [[ChromeDriver: chrome on windows (49225736d625ccd6f71802d1f0b5d520)] -> xpath: //span[normalize-space()='My Account']]
2023-12-18 18:12:207 INFO  MyAccountPage :94 - get array list : Logout[[ChromeDriver: chrome on windows (49225736d625ccd6f71802d1f0b5d520)] -> link text: Logout]
2023-12-18 18:12:243 INFO  MyAccountPage :66 - Get account creation text : [[ChromeDriver: chrome on windows (49225736d625ccd6f71802d1f0b5d520)] -> xpath: //a[normalize-space()='Logout']]
2023-12-18 18:12:744 INFO  MyAccountPage :72 - Clicking on logout button : [[ChromeDriver: chrome on windows (49225736d625ccd6f71802d1f0b5d520)] -> xpath: //a[normalize-space()='Continue']]
2023-12-18 18:12:863 INFO  HomePage :73 - Clicking on desktop from : [[ChromeDriver: chrome on windows (5a32b25d79e4fe593124f6639055febf)] -> link text: Desktops]
2023-12-18 18:12:121 INFO  HomePage :57 - Select menu from : Show AllDesktops[[ChromeDriver: chrome on windows (5a32b25d79e4fe593124f6639055febf)] -> link text: Show AllDesktops]
2023-12-18 18:12:210 INFO  HomePage :78 - Clicking on desktop from : [[ChromeDriver: chrome on windows (5a32b25d79e4fe593124f6639055febf)] -> xpath: //h2[contains(text(),'Desktops')]]
2023-12-18 18:12:106 INFO  HomePage :84 - Clicking on laptop and notebook from : [[ChromeDriver: chrome on windows (ccafac17cc37fc015b907cdcf17cc48f)] -> xpath: //a[normalize-space()='Laptops & Notebooks']]
2023-12-18 18:12:951 INFO  HomePage :57 - Select menu from : Show AllLaptops & Notebooks[[ChromeDriver: chrome on windows (ccafac17cc37fc015b907cdcf17cc48f)] -> link text: Show AllLaptops & Notebooks]
2023-12-18 18:12:01 INFO  HomePage :89 - Clicking on desktop from : [[ChromeDriver: chrome on windows (ccafac17cc37fc015b907cdcf17cc48f)] -> xpath: //h2[normalize-space()='Laptops & Notebooks']]
2023-12-18 18:12:680 INFO  HomePage :95 - Clicking on components from : [[ChromeDriver: chrome on windows (36ecc21b175b50f8f3f18978e4506336)] -> xpath: //a[normalize-space()='Components']]
2023-12-18 18:12:905 INFO  HomePage :57 - Select menu from : Show AllComponents[[ChromeDriver: chrome on windows (36ecc21b175b50f8f3f18978e4506336)] -> link text: Show AllComponents]
2023-12-18 18:12:25 INFO  HomePage :100 - Clicking on desktop from : [[ChromeDriver: chrome on windows (36ecc21b175b50f8f3f18978e4506336)] -> xpath: //h2[normalize-space()='Components']]
